<?xml version="1.0" encoding="UTF-8" ?>
<testsuite tests="10" failures="0" name="base.Person_Test" time="9.091" errors="10" skipped="0">
  <properties>
[...]
</properties>
  <testcase classname="base.Person_Test" name="UpdatePerson" time="4.526">
    <error message="attempt to create saveOrUpdate event with null entity" type="java.lang.IllegalArgumentException">java.lang.IllegalArgumentException: attempt to create saveOrUpdate event with null entity
	at org.hibernate.event.spi.SaveOrUpdateEvent.&lt;init&gt;(SaveOrUpdateEvent.java:45)
	at org.hibernate.event.spi.SaveOrUpdateEvent.&lt;init&gt;(SaveOrUpdateEvent.java:28)
	at org.hibernate.internal.SessionImpl.save(SessionImpl.java:670)
	at org.hibernate.internal.SessionImpl.save(SessionImpl.java:665)
	at base.PersonDAL.addPerson(PersonDAL.java:24)
	at base.Person_Test.UpdatePerson(Person_Test.java:69)
	at sun.reflect.NativeMethodAccessorImpl.invoke0(Native Method)
	at sun.reflect.NativeMethodAccessorImpl.invoke(NativeMethodAccessorImpl.java:62)
	at sun.reflect.DelegatingMethodAccessorImpl.invoke(DelegatingMethodAccessorImpl.java:43)
	at java.lang.reflect.Method.invoke(Method.java:498)
	at org.junit.runners.model.FrameworkMethod$1.runReflectiveCall(FrameworkMethod.java:47)
	at org.junit.internal.runners.model.ReflectiveCallable.run(ReflectiveCallable.java:12)
	at org.junit.runners.model.FrameworkMethod.invokeExplosively(FrameworkMethod.java:44)
	at org.junit.internal.runners.statements.InvokeMethod.evaluate(InvokeMethod.java:17)
	at org.junit.internal.runners.statements.RunBefores.evaluate(RunBefores.java:26)
	at org.junit.internal.runners.statements.RunAfters.evaluate(RunAfters.java:27)
	at org.junit.runners.ParentRunner.runLeaf(ParentRunner.java:271)
	at org.junit.runners.BlockJUnit4ClassRunner.runChild(BlockJUnit4ClassRunner.java:70)
	at org.junit.runners.BlockJUnit4ClassRunner.runChild(BlockJUnit4ClassRunner.java:50)
	at org.junit.runners.ParentRunner$3.run(ParentRunner.java:238)
	at org.junit.runners.ParentRunner$1.schedule(ParentRunner.java:63)
	at org.junit.runners.ParentRunner.runChildren(ParentRunner.java:236)
	at org.junit.runners.ParentRunner.access$000(ParentRunner.java:53)
	at org.junit.runners.ParentRunner$2.evaluate(ParentRunner.java:229)
	at org.junit.internal.runners.statements.RunBefores.evaluate(RunBefores.java:26)
	at org.junit.internal.runners.statements.RunAfters.evaluate(RunAfters.java:27)
	at org.junit.runners.ParentRunner.run(ParentRunner.java:309)
	at org.apache.maven.surefire.junit4.JUnit4Provider.execute(JUnit4Provider.java:252)
	at org.apache.maven.surefire.junit4.JUnit4Provider.executeTestSet(JUnit4Provider.java:141)
	at org.apache.maven.surefire.junit4.JUnit4Provider.invoke(JUnit4Provider.java:112)
	at sun.reflect.NativeMethodAccessorImpl.invoke0(Native Method)
	at sun.reflect.NativeMethodAccessorImpl.invoke(NativeMethodAccessorImpl.java:62)
	at sun.reflect.DelegatingMethodAccessorImpl.invoke(DelegatingMethodAccessorImpl.java:43)
	at java.lang.reflect.Method.invoke(Method.java:498)
	at org.apache.maven.surefire.util.ReflectionUtils.invokeMethodWithArray(ReflectionUtils.java:189)
	at org.apache.maven.surefire.booter.ProviderFactory$ProviderProxy.invoke(ProviderFactory.java:165)
	at org.apache.maven.surefire.booter.ProviderFactory.invokeProvider(ProviderFactory.java:85)
	at org.apache.maven.surefire.booter.ForkedBooter.runSuitesInProcess(ForkedBooter.java:115)
	at org.apache.maven.surefire.booter.ForkedBooter.main(ForkedBooter.java:75)
</error>
    <system-out>15:27:41.135 [main] DEBUG org.jboss.logging - Logging Provider: org.jboss.logging.Slf4jLoggerProvider
15:27:41.155 [main] DEBUG o.h.i.internal.IntegratorServiceImpl - Adding Integrator [org.hibernate.cfg.beanvalidation.BeanValidationIntegrator].
15:27:41.157 [main] DEBUG o.h.i.internal.IntegratorServiceImpl - Adding Integrator [org.hibernate.secure.spi.JaccIntegrator].
15:27:41.159 [main] DEBUG o.h.i.internal.IntegratorServiceImpl - Adding Integrator [org.hibernate.cache.internal.CollectionCacheInvalidator].
15:27:41.240 [main] INFO  org.hibernate.Version - HHH000412: Hibernate Core {5.0.2.Final}
15:27:41.242 [main] INFO  org.hibernate.cfg.Environment - HHH000206: hibernate.properties not found
15:27:41.243 [main] INFO  org.hibernate.cfg.Environment - HHH000021: Bytecode provider name : javassist
15:27:41.274 [main] DEBUG o.h.b.j.i.s.LocalXmlResourceResolver - Interpreting public/system identifier : [-//Hibernate/Hibernate Configuration DTD 3.0//EN] - [http://www.hibernate.org/dtd/hibernate-configuration-3.0.dtd]
15:27:41.274 [main] DEBUG o.h.b.j.i.s.LocalXmlResourceResolver - Recognized hibernate-configuration identifier; attempting to resolve on classpath under org/hibernate/
15:27:41.280 [main] DEBUG o.h.b.c.internal.JaxbCfgProcessor - cfg.xml document did not define namespaces; wrapping in custom event reader to introduce namespace information
15:27:41.477 [main] DEBUG org.hibernate.cfg.Configuration - Building session factory using internal StandardServiceRegistryBuilder
15:27:41.484 [main] DEBUG o.h.service.spi.ServiceBinding - Overriding existing service binding [org.hibernate.secure.spi.JaccService]
15:27:41.485 [main] DEBUG org.hibernate.cfg.Configuration - Building session factory using provided StandardServiceRegistry
15:27:41.507 [main] DEBUG o.h.c.i.RegionFactoryInitiator - Cache region factory : org.hibernate.cache.internal.NoCachingRegionFactory
15:27:41.517 [main] INFO  o.h.annotations.common.Version - HCANN000001: Hibernate Commons Annotations {5.0.0.Final}
15:27:41.526 [main] DEBUG o.h.b.j.i.s.LocalXmlResourceResolver - Interpreting public/system identifier : [-//Hibernate/Hibernate Mapping DTD 3.0//EN] - [http://hibernate.sourceforge.net/hibernate-mapping-3.0.dtd]
15:27:41.528 [main] WARN  org.hibernate.orm.deprecation - HHH90000012: Recognized obsolete hibernate namespace http://hibernate.sourceforge.net/hibernate-mapping. Use namespace http://www.hibernate.org/dtd/hibernate-mapping instead.  Support for obsolete DTD/XSD namespaces may be removed at any time.
15:27:41.528 [main] DEBUG o.h.b.j.i.s.LocalXmlResourceResolver - Recognized legacy hibernate-mapping identifier; attempting to resolve on classpath under org/hibernate/
15:27:41.551 [main] DEBUG o.h.boot.jaxb.internal.MappingBinder - Performing JAXB binding of hbm.xml document : Origin(name=mapping/Person.hbm.xml,type=RESOURCE)
15:27:42.333 [main] DEBUG org.hibernate.type.BasicTypeRegistry - Adding type registration boolean -&gt; org.hibernate.type.BooleanType@57bc27f5
15:27:42.333 [main] DEBUG org.hibernate.type.BasicTypeRegistry - Adding type registration boolean -&gt; org.hibernate.type.BooleanType@57bc27f5
15:27:42.333 [main] DEBUG org.hibernate.type.BasicTypeRegistry - Adding type registration java.lang.Boolean -&gt; org.hibernate.type.BooleanType@57bc27f5
15:27:42.334 [main] DEBUG org.hibernate.type.BasicTypeRegistry - Adding type registration numeric_boolean -&gt; org.hibernate.type.NumericBooleanType@d554c5f
15:27:42.336 [main] DEBUG org.hibernate.type.BasicTypeRegistry - Adding type registration true_false -&gt; org.hibernate.type.TrueFalseType@6a8658ff
15:27:42.336 [main] DEBUG org.hibernate.type.BasicTypeRegistry - Adding type registration yes_no -&gt; org.hibernate.type.YesNoType@55de24cc
15:27:42.338 [main] DEBUG org.hibernate.type.BasicTypeRegistry - Adding type registration byte -&gt; org.hibernate.type.ByteType@25df00a0
15:27:42.338 [main] DEBUG org.hibernate.type.BasicTypeRegistry - Adding type registration byte -&gt; org.hibernate.type.ByteType@25df00a0
15:27:42.338 [main] DEBUG org.hibernate.type.BasicTypeRegistry - Adding type registration java.lang.Byte -&gt; org.hibernate.type.ByteType@25df00a0
15:27:42.340 [main] DEBUG org.hibernate.type.BasicTypeRegistry - Adding type registration character -&gt; org.hibernate.type.CharacterType@60f00693
15:27:42.340 [main] DEBUG org.hibernate.type.BasicTypeRegistry - Adding type registration char -&gt; org.hibernate.type.CharacterType@60f00693
15:27:42.340 [main] DEBUG org.hibernate.type.BasicTypeRegistry - Adding type registration java.lang.Character -&gt; org.hibernate.type.CharacterType@60f00693
15:27:42.342 [main] DEBUG org.hibernate.type.BasicTypeRegistry - Adding type registration short -&gt; org.hibernate.type.ShortType@5a5a729f
15:27:42.342 [main] DEBUG org.hibernate.type.BasicTypeRegistry - Adding type registration short -&gt; org.hibernate.type.ShortType@5a5a729f
15:27:42.342 [main] DEBUG org.hibernate.type.BasicTypeRegistry - Adding type registration java.lang.Short -&gt; org.hibernate.type.ShortType@5a5a729f
15:27:42.343 [main] DEBUG org.hibernate.type.BasicTypeRegistry - Adding type registration integer -&gt; org.hibernate.type.IntegerType@3932c79a
15:27:42.345 [main] DEBUG org.hibernate.type.BasicTypeRegistry - Adding type registration int -&gt; org.hibernate.type.IntegerType@3932c79a
15:27:42.346 [main] DEBUG org.hibernate.type.BasicTypeRegistry - Adding type registration java.lang.Integer -&gt; org.hibernate.type.IntegerType@3932c79a
15:27:42.348 [main] DEBUG org.hibernate.type.BasicTypeRegistry - Adding type registration long -&gt; org.hibernate.type.LongType@5db6b9cd
15:27:42.348 [main] DEBUG org.hibernate.type.BasicTypeRegistry - Adding type registration long -&gt; org.hibernate.type.LongType@5db6b9cd
15:27:42.348 [main] DEBUG org.hibernate.type.BasicTypeRegistry - Adding type registration java.lang.Long -&gt; org.hibernate.type.LongType@5db6b9cd
15:27:42.349 [main] DEBUG org.hibernate.type.BasicTypeRegistry - Adding type registration float -&gt; org.hibernate.type.FloatType@4f0f2942
15:27:42.350 [main] DEBUG org.hibernate.type.BasicTypeRegistry - Adding type registration float -&gt; org.hibernate.type.FloatType@4f0f2942
15:27:42.350 [main] DEBUG org.hibernate.type.BasicTypeRegistry - Adding type registration java.lang.Float -&gt; org.hibernate.type.FloatType@4f0f2942
15:27:42.351 [main] DEBUG org.hibernate.type.BasicTypeRegistry - Adding type registration double -&gt; org.hibernate.type.DoubleType@28cda624
15:27:42.351 [main] DEBUG org.hibernate.type.BasicTypeRegistry - Adding type registration double -&gt; org.hibernate.type.DoubleType@28cda624
15:27:42.351 [main] DEBUG org.hibernate.type.BasicTypeRegistry - Adding type registration java.lang.Double -&gt; org.hibernate.type.DoubleType@28cda624
15:27:42.353 [main] DEBUG org.hibernate.type.BasicTypeRegistry - Adding type registration big_decimal -&gt; org.hibernate.type.BigDecimalType@71687585
15:27:42.353 [main] DEBUG org.hibernate.type.BasicTypeRegistry - Adding type registration java.math.BigDecimal -&gt; org.hibernate.type.BigDecimalType@71687585
15:27:42.354 [main] DEBUG org.hibernate.type.BasicTypeRegistry - Adding type registration big_integer -&gt; org.hibernate.type.BigIntegerType@6a4f1a55
15:27:42.355 [main] DEBUG org.hibernate.type.BasicTypeRegistry - Adding type registration java.math.BigInteger -&gt; org.hibernate.type.BigIntegerType@6a4f1a55
15:27:42.356 [main] DEBUG org.hibernate.type.BasicTypeRegistry - Adding type registration string -&gt; org.hibernate.type.StringType@7d3e8655
15:27:42.356 [main] DEBUG org.hibernate.type.BasicTypeRegistry - Adding type registration java.lang.String -&gt; org.hibernate.type.StringType@7d3e8655
15:27:42.357 [main] DEBUG org.hibernate.type.BasicTypeRegistry - Adding type registration nstring -&gt; org.hibernate.type.StringNVarcharType@3aa078fd
15:27:42.358 [main] DEBUG org.hibernate.type.BasicTypeRegistry - Adding type registration ncharacter -&gt; org.hibernate.type.CharacterNCharType@66ea810
15:27:42.359 [main] DEBUG org.hibernate.type.BasicTypeRegistry - Adding type registration url -&gt; org.hibernate.type.UrlType@2f953efd
15:27:42.360 [main] DEBUG org.hibernate.type.BasicTypeRegistry - Adding type registration java.net.URL -&gt; org.hibernate.type.UrlType@2f953efd
15:27:42.362 [main] DEBUG org.hibernate.type.BasicTypeRegistry - Adding type registration date -&gt; org.hibernate.type.DateType@3e0e1046
15:27:42.362 [main] DEBUG org.hibernate.type.BasicTypeRegistry - Adding type registration java.sql.Date -&gt; org.hibernate.type.DateType@3e0e1046
15:27:42.364 [main] DEBUG org.hibernate.type.BasicTypeRegistry - Adding type registration time -&gt; org.hibernate.type.TimeType@798162bc
15:27:42.364 [main] DEBUG org.hibernate.type.BasicTypeRegistry - Adding type registration java.sql.Time -&gt; org.hibernate.type.TimeType@798162bc
15:27:42.366 [main] DEBUG org.hibernate.type.BasicTypeRegistry - Adding type registration timestamp -&gt; org.hibernate.type.TimestampType@1f9f6368
15:27:42.366 [main] DEBUG org.hibernate.type.BasicTypeRegistry - Adding type registration java.sql.Timestamp -&gt; org.hibernate.type.TimestampType@1f9f6368
15:27:42.366 [main] DEBUG org.hibernate.type.BasicTypeRegistry - Adding type registration java.util.Date -&gt; org.hibernate.type.TimestampType@1f9f6368
15:27:42.368 [main] DEBUG org.hibernate.type.BasicTypeRegistry - Adding type registration dbtimestamp -&gt; org.hibernate.type.DbTimestampType@49c90a9c
15:27:42.370 [main] DEBUG org.hibernate.type.BasicTypeRegistry - Adding type registration calendar -&gt; org.hibernate.type.CalendarType@f58853c
15:27:42.370 [main] DEBUG org.hibernate.type.BasicTypeRegistry - Adding type registration java.util.Calendar -&gt; org.hibernate.type.CalendarType@f58853c
15:27:42.370 [main] DEBUG org.hibernate.type.BasicTypeRegistry - Adding type registration java.util.GregorianCalendar -&gt; org.hibernate.type.CalendarType@f58853c
15:27:42.371 [main] DEBUG org.hibernate.type.BasicTypeRegistry - Adding type registration calendar_date -&gt; org.hibernate.type.CalendarDateType@700fb871
15:27:42.372 [main] DEBUG org.hibernate.type.BasicTypeRegistry - Adding type registration locale -&gt; org.hibernate.type.LocaleType@565f390
15:27:42.372 [main] DEBUG org.hibernate.type.BasicTypeRegistry - Adding type registration java.util.Locale -&gt; org.hibernate.type.LocaleType@565f390
15:27:42.374 [main] DEBUG org.hibernate.type.BasicTypeRegistry - Adding type registration currency -&gt; org.hibernate.type.CurrencyType@49b2a47d
15:27:42.374 [main] DEBUG org.hibernate.type.BasicTypeRegistry - Adding type registration java.util.Currency -&gt; org.hibernate.type.CurrencyType@49b2a47d
15:27:42.376 [main] DEBUG org.hibernate.type.BasicTypeRegistry - Adding type registration timezone -&gt; org.hibernate.type.TimeZoneType@642a7222
15:27:42.377 [main] DEBUG org.hibernate.type.BasicTypeRegistry - Adding type registration java.util.TimeZone -&gt; org.hibernate.type.TimeZoneType@642a7222
15:27:42.378 [main] DEBUG org.hibernate.type.BasicTypeRegistry - Adding type registration class -&gt; org.hibernate.type.ClassType@147e2ae7
15:27:42.378 [main] DEBUG org.hibernate.type.BasicTypeRegistry - Adding type registration java.lang.Class -&gt; org.hibernate.type.ClassType@147e2ae7
15:27:42.379 [main] DEBUG org.hibernate.type.BasicTypeRegistry - Adding type registration uuid-binary -&gt; org.hibernate.type.UUIDBinaryType@3bcd05cb
15:27:42.380 [main] DEBUG org.hibernate.type.BasicTypeRegistry - Adding type registration java.util.UUID -&gt; org.hibernate.type.UUIDBinaryType@3bcd05cb
15:27:42.380 [main] DEBUG org.hibernate.type.BasicTypeRegistry - Adding type registration uuid-char -&gt; org.hibernate.type.UUIDCharType@20bd8be5
15:27:42.381 [main] DEBUG org.hibernate.type.BasicTypeRegistry - Adding type registration binary -&gt; org.hibernate.type.BinaryType@461ad730
15:27:42.382 [main] DEBUG org.hibernate.type.BasicTypeRegistry - Adding type registration byte[] -&gt; org.hibernate.type.BinaryType@461ad730
15:27:42.382 [main] DEBUG org.hibernate.type.BasicTypeRegistry - Adding type registration [B -&gt; org.hibernate.type.BinaryType@461ad730
15:27:42.383 [main] DEBUG org.hibernate.type.BasicTypeRegistry - Adding type registration wrapper-binary -&gt; org.hibernate.type.WrapperBinaryType@3e78b6a5
15:27:42.383 [main] DEBUG org.hibernate.type.BasicTypeRegistry - Adding type registration Byte[] -&gt; org.hibernate.type.WrapperBinaryType@3e78b6a5
15:27:42.383 [main] DEBUG org.hibernate.type.BasicTypeRegistry - Adding type registration [Ljava.lang.Byte; -&gt; org.hibernate.type.WrapperBinaryType@3e78b6a5
15:27:42.386 [main] DEBUG org.hibernate.type.BasicTypeRegistry - Adding type registration image -&gt; org.hibernate.type.ImageType@24105dc5
15:27:42.387 [main] DEBUG org.hibernate.type.BasicTypeRegistry - Adding type registration characters -&gt; org.hibernate.type.CharArrayType@50029372
15:27:42.388 [main] DEBUG org.hibernate.type.BasicTypeRegistry - Adding type registration char[] -&gt; org.hibernate.type.CharArrayType@50029372
15:27:42.388 [main] DEBUG org.hibernate.type.BasicTypeRegistry - Adding type registration [C -&gt; org.hibernate.type.CharArrayType@50029372
15:27:42.389 [main] DEBUG org.hibernate.type.BasicTypeRegistry - Adding type registration wrapper-characters -&gt; org.hibernate.type.CharacterArrayType@7f2cfe3f
15:27:42.390 [main] DEBUG org.hibernate.type.BasicTypeRegistry - Adding type registration [Ljava.lang.Character; -&gt; org.hibernate.type.CharacterArrayType@7f2cfe3f
15:27:42.391 [main] DEBUG org.hibernate.type.BasicTypeRegistry - Adding type registration Character[] -&gt; org.hibernate.type.CharacterArrayType@7f2cfe3f
15:27:42.392 [main] DEBUG org.hibernate.type.BasicTypeRegistry - Adding type registration text -&gt; org.hibernate.type.TextType@6bb4dd34
15:27:42.392 [main] DEBUG org.hibernate.type.BasicTypeRegistry - Adding type registration ntext -&gt; org.hibernate.type.NTextType@3214ee6
15:27:42.397 [main] DEBUG org.hibernate.type.BasicTypeRegistry - Adding type registration blob -&gt; org.hibernate.type.BlobType@9cb8225
15:27:42.397 [main] DEBUG org.hibernate.type.BasicTypeRegistry - Adding type registration java.sql.Blob -&gt; org.hibernate.type.BlobType@9cb8225
15:27:42.398 [main] DEBUG org.hibernate.type.BasicTypeRegistry - Adding type registration materialized_blob -&gt; org.hibernate.type.MaterializedBlobType@376a0d86
15:27:42.401 [main] DEBUG org.hibernate.type.BasicTypeRegistry - Adding type registration clob -&gt; org.hibernate.type.ClobType@264f218
15:27:42.401 [main] DEBUG org.hibernate.type.BasicTypeRegistry - Adding type registration java.sql.Clob -&gt; org.hibernate.type.ClobType@264f218
15:27:42.405 [main] DEBUG org.hibernate.type.BasicTypeRegistry - Adding type registration nclob -&gt; org.hibernate.type.NClobType@389b0789
15:27:42.406 [main] DEBUG org.hibernate.type.BasicTypeRegistry - Adding type registration java.sql.NClob -&gt; org.hibernate.type.NClobType@389b0789
15:27:42.406 [main] DEBUG org.hibernate.type.BasicTypeRegistry - Adding type registration materialized_clob -&gt; org.hibernate.type.MaterializedClobType@6ca18a14
15:27:42.407 [main] DEBUG org.hibernate.type.BasicTypeRegistry - Adding type registration materialized_nclob -&gt; org.hibernate.type.MaterializedNClobType@7b50df34
15:27:42.408 [main] DEBUG org.hibernate.type.BasicTypeRegistry - Adding type registration serializable -&gt; org.hibernate.type.SerializableType@77659b30
15:27:42.412 [main] DEBUG org.hibernate.type.BasicTypeRegistry - Adding type registration object -&gt; org.hibernate.type.ObjectType@a1f72f5
15:27:42.413 [main] DEBUG org.hibernate.type.BasicTypeRegistry - Adding type registration java.lang.Object -&gt; org.hibernate.type.ObjectType@a1f72f5
15:27:42.414 [main] DEBUG org.hibernate.type.BasicTypeRegistry - Adding type registration imm_date -&gt; org.hibernate.type.AdaptedImmutableType@75c56eb9
15:27:42.414 [main] DEBUG org.hibernate.type.BasicTypeRegistry - Adding type registration imm_time -&gt; org.hibernate.type.AdaptedImmutableType@4bc222e
15:27:42.414 [main] DEBUG org.hibernate.type.BasicTypeRegistry - Adding type registration imm_timestamp -&gt; org.hibernate.type.AdaptedImmutableType@2dc9b0f5
15:27:42.414 [main] DEBUG org.hibernate.type.BasicTypeRegistry - Adding type registration imm_dbtimestamp -&gt; org.hibernate.type.AdaptedImmutableType@6531a794
15:27:42.415 [main] DEBUG org.hibernate.type.BasicTypeRegistry - Adding type registration imm_calendar -&gt; org.hibernate.type.AdaptedImmutableType@3b5fad2d
15:27:42.415 [main] DEBUG org.hibernate.type.BasicTypeRegistry - Adding type registration imm_calendar_date -&gt; org.hibernate.type.AdaptedImmutableType@5e17553a
15:27:42.415 [main] DEBUG org.hibernate.type.BasicTypeRegistry - Adding type registration imm_binary -&gt; org.hibernate.type.AdaptedImmutableType@3eb91815
15:27:42.415 [main] DEBUG org.hibernate.type.BasicTypeRegistry - Adding type registration imm_serializable -&gt; org.hibernate.type.AdaptedImmutableType@56dc1551
15:27:42.424 [main] WARN  o.h.e.j.c.i.DriverManagerConnectionProviderImpl - HHH000402: Using Hibernate built-in connection pool (not for production use!)
15:27:42.425 [main] DEBUG o.h.e.j.c.i.DriverManagerConnectionProviderImpl - No driver class specified
15:27:42.425 [main] INFO  o.h.e.j.c.i.DriverManagerConnectionProviderImpl - HHH000401: using driver [null] at URL [jdbc:oracle:thin:@cisc181.ci3wacsy5j84.us-east-1.rds.amazonaws.com:1521:ORCL]
15:27:42.425 [main] INFO  o.h.e.j.c.i.DriverManagerConnectionProviderImpl - HHH000046: Connection properties: {user=MCCABEW, password=bobdude1}
15:27:42.425 [main] INFO  o.h.e.j.c.i.DriverManagerConnectionProviderImpl - HHH000006: Autocommit mode: false
15:27:42.427 [main] INFO  o.h.e.j.c.i.DriverManagerConnectionProviderImpl - HHH000115: Hibernate connection pool size: 20 (min=1)
15:27:42.427 [main] DEBUG o.h.e.j.c.i.DriverManagerConnectionProviderImpl - Initializing Connection pool with 1 Connections
15:27:42.971 [main] DEBUG o.h.e.j.e.i.JdbcEnvironmentInitiator - Database -&gt;
       name : Oracle
    version : Oracle Database 11g Release 11.2.0.4.0 - 64bit Production
      major : 11
      minor : 2
15:27:42.971 [main] DEBUG o.h.e.j.e.i.JdbcEnvironmentInitiator - Driver -&gt;
       name : Oracle JDBC driver
    version : 11.2.0.3.0
      major : 11
      minor : 2
15:27:42.972 [main] DEBUG o.h.e.j.e.i.JdbcEnvironmentInitiator - JDBC version : 11.2
15:27:42.981 [main] INFO  org.hibernate.dialect.Dialect - HHH000400: Using dialect: org.hibernate.dialect.Oracle10gDialect
15:27:42.993 [main] DEBUG o.h.e.j.c.i.StandardRefCursorSupport - Unexpected error trying to gauge level of JDBC REF_CURSOR support : null
15:27:43.429 [main] DEBUG o.h.i.f.i.DefaultIdentifierGeneratorFactory - Registering IdentifierGenerator strategy [uuid2] -&gt; [org.hibernate.id.UUIDGenerator]
15:27:43.429 [main] DEBUG o.h.i.f.i.DefaultIdentifierGeneratorFactory - Registering IdentifierGenerator strategy [guid] -&gt; [org.hibernate.id.GUIDGenerator]
15:27:43.430 [main] DEBUG o.h.i.f.i.DefaultIdentifierGeneratorFactory - Registering IdentifierGenerator strategy [uuid] -&gt; [org.hibernate.id.UUIDHexGenerator]
15:27:43.430 [main] DEBUG o.h.i.f.i.DefaultIdentifierGeneratorFactory - Registering IdentifierGenerator strategy [uuid.hex] -&gt; [org.hibernate.id.UUIDHexGenerator]
15:27:43.431 [main] DEBUG o.h.i.f.i.DefaultIdentifierGeneratorFactory - Registering IdentifierGenerator strategy [assigned] -&gt; [org.hibernate.id.Assigned]
15:27:43.432 [main] DEBUG o.h.i.f.i.DefaultIdentifierGeneratorFactory - Registering IdentifierGenerator strategy [identity] -&gt; [org.hibernate.id.IdentityGenerator]
15:27:43.432 [main] DEBUG o.h.i.f.i.DefaultIdentifierGeneratorFactory - Registering IdentifierGenerator strategy [select] -&gt; [org.hibernate.id.SelectGenerator]
15:27:43.433 [main] DEBUG o.h.i.f.i.DefaultIdentifierGeneratorFactory - Registering IdentifierGenerator strategy [sequence] -&gt; [org.hibernate.id.enhanced.SequenceStyleGenerator]
15:27:43.434 [main] DEBUG o.h.i.f.i.DefaultIdentifierGeneratorFactory - Registering IdentifierGenerator strategy [seqhilo] -&gt; [org.hibernate.id.SequenceHiLoGenerator]
15:27:43.435 [main] DEBUG o.h.i.f.i.DefaultIdentifierGeneratorFactory - Registering IdentifierGenerator strategy [increment] -&gt; [org.hibernate.id.IncrementGenerator]
15:27:43.435 [main] DEBUG o.h.i.f.i.DefaultIdentifierGeneratorFactory - Registering IdentifierGenerator strategy [foreign] -&gt; [org.hibernate.id.ForeignGenerator]
15:27:43.435 [main] DEBUG o.h.i.f.i.DefaultIdentifierGeneratorFactory - Registering IdentifierGenerator strategy [sequence-identity] -&gt; [org.hibernate.id.SequenceIdentityGenerator]
15:27:43.436 [main] DEBUG o.h.i.f.i.DefaultIdentifierGeneratorFactory - Registering IdentifierGenerator strategy [enhanced-sequence] -&gt; [org.hibernate.id.enhanced.SequenceStyleGenerator]
15:27:43.437 [main] DEBUG o.h.i.f.i.DefaultIdentifierGeneratorFactory - Registering IdentifierGenerator strategy [enhanced-table] -&gt; [org.hibernate.id.enhanced.TableGenerator]
15:27:43.471 [main] DEBUG o.h.boot.model.relational.Namespace - Created database namespace [logicalName=Name{catalog=null, schema=MCCABEW}, physicalName=Name{catalog=null, schema=MCCABEW}]
15:27:43.488 [main] DEBUG o.h.b.m.s.internal.hbm.ModelBinder - Mapping class: domain.PersonDomainModel -&gt; Person
15:27:43.495 [main] DEBUG o.h.b.m.s.internal.hbm.ModelBinder - Mapped property: PersonID -&gt; [PERSONID]
15:27:43.498 [main] DEBUG o.h.b.m.s.internal.hbm.ModelBinder - Mapped property: firstName -&gt; [FIRSTNAME]
15:27:43.498 [main] DEBUG o.h.b.m.s.internal.hbm.ModelBinder - Mapped property: lastName -&gt; [LASTNAME]
15:27:43.498 [main] DEBUG o.h.b.m.s.internal.hbm.ModelBinder - Mapped property: street -&gt; [STREET]
15:27:43.498 [main] DEBUG o.h.b.m.s.internal.hbm.ModelBinder - Mapped property: postalCode -&gt; [POSTALCODE]
15:27:43.498 [main] DEBUG o.h.b.m.s.internal.hbm.ModelBinder - Mapped property: city -&gt; [CITY]
15:27:43.499 [main] DEBUG o.h.b.m.s.internal.hbm.ModelBinder - Mapped property: birthday -&gt; [BIRTHDAY]
15:27:43.526 [main] DEBUG o.h.internal.SessionFactoryImpl - Building session factory
15:27:43.527 [main] DEBUG org.hibernate.cfg.Settings - SessionFactory name : null
15:27:43.527 [main] DEBUG org.hibernate.cfg.Settings - Automatic flush during beforeCompletion(): disabled
15:27:43.527 [main] DEBUG org.hibernate.cfg.Settings - Automatic session close at end of transaction: disabled
15:27:43.527 [main] DEBUG org.hibernate.cfg.Settings - Statistics: disabled
15:27:43.527 [main] DEBUG org.hibernate.cfg.Settings - Deleted entity synthetic identifier rollback: disabled
15:27:43.527 [main] DEBUG org.hibernate.cfg.Settings - Default entity-mode: pojo
15:27:43.527 [main] DEBUG org.hibernate.cfg.Settings - Check Nullability in Core (should be disabled when Bean Validation is on): enabled
15:27:43.527 [main] DEBUG org.hibernate.cfg.Settings - Allow initialization of lazy state outside session : disabled
15:27:43.527 [main] DEBUG org.hibernate.cfg.Settings - Using BatchFetchStyle : LEGACY
15:27:43.528 [main] DEBUG org.hibernate.cfg.Settings - Default batch fetch size: -1
15:27:43.528 [main] DEBUG org.hibernate.cfg.Settings - Maximum outer join fetch depth: null
15:27:43.528 [main] DEBUG org.hibernate.cfg.Settings - Default null ordering: NONE
15:27:43.528 [main] DEBUG org.hibernate.cfg.Settings - Order SQL updates by primary key: disabled
15:27:43.528 [main] DEBUG org.hibernate.cfg.Settings - Order SQL inserts for batching: disabled
15:27:43.528 [main] DEBUG org.hibernate.cfg.Settings - multi-tenancy strategy : NONE
15:27:43.529 [main] DEBUG org.hibernate.cfg.Settings - JTA Track by Thread: enabled
15:27:43.529 [main] DEBUG org.hibernate.cfg.Settings - Query language substitutions: {}
15:27:43.529 [main] DEBUG org.hibernate.cfg.Settings - JPA query language strict compliance: disabled
15:27:43.529 [main] DEBUG org.hibernate.cfg.Settings - Named query checking : enabled
15:27:43.529 [main] DEBUG org.hibernate.cfg.Settings - Second-level cache: enabled
15:27:43.529 [main] DEBUG org.hibernate.cfg.Settings - Second-level query cache: disabled
15:27:43.529 [main] DEBUG org.hibernate.cfg.Settings - Second-level query cache factory: org.hibernate.cache.internal.StandardQueryCacheFactory@1698ee84
15:27:43.529 [main] DEBUG org.hibernate.cfg.Settings - Second-level cache region prefix: null
15:27:43.529 [main] DEBUG org.hibernate.cfg.Settings - Optimize second-level cache for minimal puts: disabled
15:27:43.529 [main] DEBUG org.hibernate.cfg.Settings - Structured second-level cache entries: disabled
15:27:43.529 [main] DEBUG org.hibernate.cfg.Settings - Second-level cache direct-reference entries: disabled
15:27:43.529 [main] DEBUG org.hibernate.cfg.Settings - Automatic eviction of collection cache: disabled
15:27:43.529 [main] DEBUG org.hibernate.cfg.Settings - JDBC batch size: 15
15:27:43.529 [main] DEBUG org.hibernate.cfg.Settings - JDBC batch updates for versioned data: disabled
15:27:43.529 [main] DEBUG org.hibernate.cfg.Settings - Scrollable result sets: enabled
15:27:43.530 [main] DEBUG org.hibernate.cfg.Settings - Wrap result sets: disabled
15:27:43.530 [main] DEBUG org.hibernate.cfg.Settings - JDBC3 getGeneratedKeys(): disabled
15:27:43.530 [main] DEBUG org.hibernate.cfg.Settings - JDBC result set fetch size: null
15:27:43.530 [main] DEBUG org.hibernate.cfg.Settings - Connection release mode: ON_CLOSE
15:27:43.530 [main] DEBUG org.hibernate.cfg.Settings - Generate SQL with comments: disabled
15:27:43.570 [main] DEBUG o.h.internal.SessionFactoryImpl - Session factory constructed with filter configurations : {}
15:27:43.570 [main] DEBUG o.h.internal.SessionFactoryImpl - Instantiating session factory with properties: {hibernate.connection.password=bobdude1, java.runtime.name=Java(TM) SE Runtime Environment, java.vm.version=25.121-b13, hibernate.default_schema=MCCABEW, sun.boot.library.path=/Library/Java/JavaVirtualMachines/jdk1.8.0_121.jdk/Contents/Home/jre/lib, hibernate.connection.username=MCCABEW, hibernate.boot.CfgXmlAccessService.key=org.hibernate.boot.cfgxml.spi.LoadedConfig@74cadd41, gopherProxySet=false, java.vm.vendor=Oracle Corporation, java.vendor.url=http://java.oracle.com/, path.separator=:, java.vm.name=Java HotSpot(TM) 64-Bit Server VM, file.encoding.pkg=sun.io, sun.os.patch.level=unknown, user.country=US, sun.java.launcher=SUN_STANDARD, java.vm.specification.name=Java Virtual Machine Specification, user.dir=/Users/Wiznat/git/PS6Starter2/PS6_DAL, java.runtime.version=1.8.0_121-b13, java.awt.graphicsenv=sun.awt.CGraphicsEnvironment, basedir=/Users/Wiznat/git/PS6Starter2/PS6_DAL, os.arch=x86_64, java.endorsed.dirs=/Library/Java/JavaVirtualMachines/jdk1.8.0_121.jdk/Contents/Home/jre/lib/endorsed, surefire.real.class.path=/Users/Wiznat/git/PS6Starter2/PS6_DAL/target/surefire/surefirebooter7646478370229708745.jar, java.io.tmpdir=/var/folders/kt/fwrhk7xx4b74t7mgjl8n65340000gn/T/, line.separator=
, java.vm.specification.vendor=Oracle Corporation, os.name=Mac OS X, sun.jnu.encoding=UTF-8, java.library.path=/Users/Wiznat/Library/Java/Extensions:/Library/Java/Extensions:/Network/Library/Java/Extensions:/System/Library/Java/Extensions:/usr/lib/java:., surefire.test.class.path=/Users/Wiznat/git/PS6Starter2/PS6_DAL/target/test-classes:/Users/Wiznat/git/PS6Starter2/PS6_DAL/target/classes:/Users/Wiznat/.m2/repository/org/springframework/spring-context/3.2.3.RELEASE/spring-context-3.2.3.RELEASE.jar:/Users/Wiznat/.m2/repository/org/springframework/spring-aop/3.2.3.RELEASE/spring-aop-3.2.3.RELEASE.jar:/Users/Wiznat/.m2/repository/org/springframework/spring-beans/3.2.3.RELEASE/spring-beans-3.2.3.RELEASE.jar:/Users/Wiznat/.m2/repository/org/springframework/spring-core/3.2.3.RELEASE/spring-core-3.2.3.RELEASE.jar:/Users/Wiznat/.m2/repository/commons-logging/commons-logging/1.1.1/commons-logging-1.1.1.jar:/Users/Wiznat/.m2/repository/org/springframework/spring-expression/3.2.3.RELEASE/spring-expression-3.2.3.RELEASE.jar:/Users/Wiznat/.m2/repository/org/springframework/spring-tx/3.2.3.RELEASE/spring-tx-3.2.3.RELEASE.jar:/Users/Wiznat/.m2/repository/aopalliance/aopalliance/1.0/aopalliance-1.0.jar:/Users/Wiznat/.m2/repository/org/slf4j/slf4j-api/1.7.5/slf4j-api-1.7.5.jar:/Users/Wiznat/.m2/repository/ch/qos/logback/logback-classic/1.0.13/logback-classic-1.0.13.jar:/Users/Wiznat/.m2/repository/ch/qos/logback/logback-core/1.0.13/logback-core-1.0.13.jar:/Users/Wiznat/.m2/repository/org/hibernate/hibernate-entitymanager/5.0.2.Final/hibernate-entitymanager-5.0.2.Final.jar:/Users/Wiznat/.m2/repository/org/jboss/logging/jboss-logging/3.3.0.Final/jboss-logging-3.3.0.Final.jar:/Users/Wiznat/.m2/repository/org/hibernate/hibernate-core/5.0.2.Final/hibernate-core-5.0.2.Final.jar:/Users/Wiznat/.m2/repository/antlr/antlr/2.7.7/antlr-2.7.7.jar:/Users/Wiznat/.m2/repository/org/jboss/jandex/1.2.2.Final/jandex-1.2.2.Final.jar:/Users/Wiznat/.m2/repository/dom4j/dom4j/1.6.1/dom4j-1.6.1.jar:/Users/Wiznat/.m2/repository/xml-apis/xml-apis/1.0.b2/xml-apis-1.0.b2.jar:/Users/Wiznat/.m2/repository/org/hibernate/common/hibernate-commons-annotations/5.0.0.Final/hibernate-commons-annotations-5.0.0.Final.jar:/Users/Wiznat/.m2/repository/org/hibernate/javax/persistence/hibernate-jpa-2.1-api/1.0.0.Final/hibernate-jpa-2.1-api-1.0.0.Final.jar:/Users/Wiznat/.m2/repository/org/apache/geronimo/specs/geronimo-jta_1.1_spec/1.1.1/geronimo-jta_1.1_spec-1.1.1.jar:/Users/Wiznat/.m2/repository/org/javassist/javassist/3.18.1-GA/javassist-3.18.1-GA.jar:/Users/Wiznat/.m2/repository/org/springframework/spring-test/3.2.3.RELEASE/spring-test-3.2.3.RELEASE.jar:/Users/Wiznat/.m2/repository/junit/junit/4.11/junit-4.11.jar:/Users/Wiznat/.m2/repository/org/hamcrest/hamcrest-core/1.3/hamcrest-core-1.3.jar:/Users/Wiznat/.m2/repository/com/oracle/ojdbc6/11.2.0.3/ojdbc6-11.2.0.3.jar:, java.class.version=52.0, java.specification.name=Java Platform API Specification, sun.management.compiler=HotSpot 64-Bit Tiered Compilers, os.version=10.11.5, http.nonProxyHosts=local|*.local|169.254/16|*.169.254/16, user.home=/Users/Wiznat, user.timezone=America/New_York, java.awt.printerjob=sun.lwawt.macosx.CPrinterJob, file.encoding=UTF-8, java.specification.version=1.8, hibernate.format_sql=true, show_sql=true, user.name=Wiznat, java.class.path=/Users/Wiznat/git/PS6Starter2/PS6_DAL/target/test-classes:/Users/Wiznat/git/PS6Starter2/PS6_DAL/target/classes:/Users/Wiznat/.m2/repository/org/springframework/spring-context/3.2.3.RELEASE/spring-context-3.2.3.RELEASE.jar:/Users/Wiznat/.m2/repository/org/springframework/spring-aop/3.2.3.RELEASE/spring-aop-3.2.3.RELEASE.jar:/Users/Wiznat/.m2/repository/org/springframework/spring-beans/3.2.3.RELEASE/spring-beans-3.2.3.RELEASE.jar:/Users/Wiznat/.m2/repository/org/springframework/spring-core/3.2.3.RELEASE/spring-core-3.2.3.RELEASE.jar:/Users/Wiznat/.m2/repository/commons-logging/commons-logging/1.1.1/commons-logging-1.1.1.jar:/Users/Wiznat/.m2/repository/org/springframework/spring-expression/3.2.3.RELEASE/spring-expression-3.2.3.RELEASE.jar:/Users/Wiznat/.m2/repository/org/springframework/spring-tx/3.2.3.RELEASE/spring-tx-3.2.3.RELEASE.jar:/Users/Wiznat/.m2/repository/aopalliance/aopalliance/1.0/aopalliance-1.0.jar:/Users/Wiznat/.m2/repository/org/slf4j/slf4j-api/1.7.5/slf4j-api-1.7.5.jar:/Users/Wiznat/.m2/repository/ch/qos/logback/logback-classic/1.0.13/logback-classic-1.0.13.jar:/Users/Wiznat/.m2/repository/ch/qos/logback/logback-core/1.0.13/logback-core-1.0.13.jar:/Users/Wiznat/.m2/repository/org/hibernate/hibernate-entitymanager/5.0.2.Final/hibernate-entitymanager-5.0.2.Final.jar:/Users/Wiznat/.m2/repository/org/jboss/logging/jboss-logging/3.3.0.Final/jboss-logging-3.3.0.Final.jar:/Users/Wiznat/.m2/repository/org/hibernate/hibernate-core/5.0.2.Final/hibernate-core-5.0.2.Final.jar:/Users/Wiznat/.m2/repository/antlr/antlr/2.7.7/antlr-2.7.7.jar:/Users/Wiznat/.m2/repository/org/jboss/jandex/1.2.2.Final/jandex-1.2.2.Final.jar:/Users/Wiznat/.m2/repository/dom4j/dom4j/1.6.1/dom4j-1.6.1.jar:/Users/Wiznat/.m2/repository/xml-apis/xml-apis/1.0.b2/xml-apis-1.0.b2.jar:/Users/Wiznat/.m2/repository/org/hibernate/common/hibernate-commons-annotations/5.0.0.Final/hibernate-commons-annotations-5.0.0.Final.jar:/Users/Wiznat/.m2/repository/org/hibernate/javax/persistence/hibernate-jpa-2.1-api/1.0.0.Final/hibernate-jpa-2.1-api-1.0.0.Final.jar:/Users/Wiznat/.m2/repository/org/apache/geronimo/specs/geronimo-jta_1.1_spec/1.1.1/geronimo-jta_1.1_spec-1.1.1.jar:/Users/Wiznat/.m2/repository/org/javassist/javassist/3.18.1-GA/javassist-3.18.1-GA.jar:/Users/Wiznat/.m2/repository/org/springframework/spring-test/3.2.3.RELEASE/spring-test-3.2.3.RELEASE.jar:/Users/Wiznat/.m2/repository/junit/junit/4.11/junit-4.11.jar:/Users/Wiznat/.m2/repository/org/hamcrest/hamcrest-core/1.3/hamcrest-core-1.3.jar:/Users/Wiznat/.m2/repository/com/oracle/ojdbc6/11.2.0.3/ojdbc6-11.2.0.3.jar:, hibernate.bytecode.use_reflection_optimizer=false, format_sql=true, hibernate.show_sql=true, java.vm.specification.version=1.8, sun.arch.data.model=64, sun.java.command=/Users/Wiznat/git/PS6Starter2/PS6_DAL/target/surefire/surefirebooter7646478370229708745.jar /Users/Wiznat/git/PS6Starter2/PS6_DAL/target/surefire/surefire7796483820366273948tmp /Users/Wiznat/git/PS6Starter2/PS6_DAL/target/surefire/surefire_08491925976570074609tmp, java.home=/Library/Java/JavaVirtualMachines/jdk1.8.0_121.jdk/Contents/Home/jre, hibernate.connection.url=jdbc:oracle:thin:@cisc181.ci3wacsy5j84.us-east-1.rds.amazonaws.com:1521:ORCL, hibernate.dialect=org.hibernate.dialect.Oracle10gDialect, user.language=en, java.specification.vendor=Oracle Corporation, awt.toolkit=sun.lwawt.macosx.LWCToolkit, java.vm.info=mixed mode, java.version=1.8.0_121, java.ext.dirs=/Users/Wiznat/Library/Java/Extensions:/Library/Java/JavaVirtualMachines/jdk1.8.0_121.jdk/Contents/Home/jre/lib/ext:/Library/Java/Extensions:/Network/Library/Java/Extensions:/System/Library/Java/Extensions:/usr/lib/java, sun.boot.class.path=/Library/Java/JavaVirtualMachines/jdk1.8.0_121.jdk/Contents/Home/jre/lib/resources.jar:/Library/Java/JavaVirtualMachines/jdk1.8.0_121.jdk/Contents/Home/jre/lib/rt.jar:/Library/Java/JavaVirtualMachines/jdk1.8.0_121.jdk/Contents/Home/jre/lib/sunrsasign.jar:/Library/Java/JavaVirtualMachines/jdk1.8.0_121.jdk/Contents/Home/jre/lib/jsse.jar:/Library/Java/JavaVirtualMachines/jdk1.8.0_121.jdk/Contents/Home/jre/lib/jce.jar:/Library/Java/JavaVirtualMachines/jdk1.8.0_121.jdk/Contents/Home/jre/lib/charsets.jar:/Library/Java/JavaVirtualMachines/jdk1.8.0_121.jdk/Contents/Home/jre/lib/jfr.jar:/Library/Java/JavaVirtualMachines/jdk1.8.0_121.jdk/Contents/Home/jre/classes, java.vendor=Oracle Corporation, localRepository=/Users/Wiznat/.m2/repository, file.separator=/, java.vendor.url.bug=http://bugreport.sun.com/bugreport/, hibernate.hbm2ddl.auto=update, sun.io.unicode.encoding=UnicodeBig, sun.cpu.endian=little, socksNonProxyHosts=local|*.local|169.254/16|*.169.254/16, ftp.nonProxyHosts=local|*.local|169.254/16|*.169.254/16, sun.cpu.isalist=}
15:27:43.581 [main] DEBUG o.h.secure.spi.JaccIntegrator - Skipping JACC integration as it was not enabled
15:27:43.605 [main] DEBUG o.h.b.internal.ClassLoaderAccessImpl - Not known whether passed class name [domain.PersonDomainModel] is safe
15:27:43.605 [main] DEBUG o.h.b.internal.ClassLoaderAccessImpl - No temp ClassLoader provided; using live ClassLoader for loading potentially unsafe class : domain.PersonDomainModel
15:27:43.617 [main] DEBUG o.h.b.internal.ClassLoaderAccessImpl - Not known whether passed class name [domain.PersonDomainModel] is safe
15:27:43.617 [main] DEBUG o.h.b.internal.ClassLoaderAccessImpl - No temp ClassLoader provided; using live ClassLoader for loading potentially unsafe class : domain.PersonDomainModel
15:27:43.714 [main] DEBUG o.h.p.entity.AbstractEntityPersister - Static SQL for entity: domain.PersonDomainModel
15:27:43.715 [main] DEBUG o.h.p.entity.AbstractEntityPersister -  Version select: select PERSONID from MCCABEW.Person where PERSONID =?
15:27:43.715 [main] DEBUG o.h.p.entity.AbstractEntityPersister -  Snapshot select: select persondoma_.PERSONID, persondoma_.FIRSTNAME as FIRSTNAME2_0_, persondoma_.LASTNAME as LASTNAME3_0_, persondoma_.STREET as STREET4_0_, persondoma_.POSTALCODE as POSTALCODE5_0_, persondoma_.CITY as CITY6_0_, persondoma_.BIRTHDAY as BIRTHDAY7_0_ from MCCABEW.Person persondoma_ where persondoma_.PERSONID=?
15:27:43.715 [main] DEBUG o.h.p.entity.AbstractEntityPersister -  Insert 0: insert into MCCABEW.Person (FIRSTNAME, LASTNAME, STREET, POSTALCODE, CITY, BIRTHDAY, PERSONID) values (?, ?, ?, ?, ?, ?, ?)
15:27:43.715 [main] DEBUG o.h.p.entity.AbstractEntityPersister -  Update 0: update MCCABEW.Person set FIRSTNAME=?, LASTNAME=?, STREET=?, POSTALCODE=?, CITY=?, BIRTHDAY=? where PERSONID=?
15:27:43.715 [main] DEBUG o.h.p.entity.AbstractEntityPersister -  Delete 0: delete from MCCABEW.Person where PERSONID=?
15:27:43.735 [main] DEBUG o.h.l.p.b.i.spaces.QuerySpacesImpl - Adding QuerySpace : uid = &lt;gen:0&gt; -&gt; org.hibernate.loader.plan.build.internal.spaces.EntityQuerySpaceImpl@21ca139c]
15:27:43.736 [main] DEBUG o.h.p.w.spi.MetamodelGraphWalker - Visiting attribute path : firstName
15:27:43.736 [main] DEBUG o.h.p.w.spi.MetamodelGraphWalker - Visiting attribute path : lastName
15:27:43.736 [main] DEBUG o.h.p.w.spi.MetamodelGraphWalker - Visiting attribute path : street
15:27:43.736 [main] DEBUG o.h.p.w.spi.MetamodelGraphWalker - Visiting attribute path : postalCode
15:27:43.736 [main] DEBUG o.h.p.w.spi.MetamodelGraphWalker - Visiting attribute path : city
15:27:43.736 [main] DEBUG o.h.p.w.spi.MetamodelGraphWalker - Visiting attribute path : birthday
15:27:43.737 [main] DEBUG o.h.l.p.b.i.FetchStyleLoadPlanBuildingAssociationVisitationStrategy - Building LoadPlan...
15:27:43.747 [main] DEBUG o.h.l.p.e.i.LoadQueryJoinAndFetchProcessor - processing queryspace &lt;gen:0&gt;
15:27:43.751 [main] DEBUG o.h.l.p.b.spi.LoadPlanTreePrinter - LoadPlan(entity=domain.PersonDomainModel)
    - Returns
       - EntityReturnImpl(entity=domain.PersonDomainModel, querySpaceUid=&lt;gen:0&gt;, path=domain.PersonDomainModel)
    - QuerySpaces
       - EntityQuerySpaceImpl(uid=&lt;gen:0&gt;, entity=domain.PersonDomainModel)
          - SQL table alias mapping - persondoma0_
          - alias suffix - 0_
          - suffixed key columns - {PERSONID1_0_0_}

15:27:43.753 [main] DEBUG o.h.loader.entity.plan.EntityLoader - Static select for entity domain.PersonDomainModel [NONE]: select persondoma0_.PERSONID as PERSONID1_0_0_, persondoma0_.FIRSTNAME as FIRSTNAME2_0_0_, persondoma0_.LASTNAME as LASTNAME3_0_0_, persondoma0_.STREET as STREET4_0_0_, persondoma0_.POSTALCODE as POSTALCODE5_0_0_, persondoma0_.CITY as CITY6_0_0_, persondoma0_.BIRTHDAY as BIRTHDAY7_0_0_ from MCCABEW.Person persondoma0_ where persondoma0_.PERSONID=?
15:27:43.753 [main] DEBUG o.h.l.p.b.i.spaces.QuerySpacesImpl - Adding QuerySpace : uid = &lt;gen:0&gt; -&gt; org.hibernate.loader.plan.build.internal.spaces.EntityQuerySpaceImpl@6bc28a83]
15:27:43.753 [main] DEBUG o.h.p.w.spi.MetamodelGraphWalker - Visiting attribute path : firstName
15:27:43.753 [main] DEBUG o.h.p.w.spi.MetamodelGraphWalker - Visiting attribute path : lastName
15:27:43.753 [main] DEBUG o.h.p.w.spi.MetamodelGraphWalker - Visiting attribute path : street
15:27:43.753 [main] DEBUG o.h.p.w.spi.MetamodelGraphWalker - Visiting attribute path : postalCode
15:27:43.753 [main] DEBUG o.h.p.w.spi.MetamodelGraphWalker - Visiting attribute path : city
15:27:43.753 [main] DEBUG o.h.p.w.spi.MetamodelGraphWalker - Visiting attribute path : birthday
15:27:43.753 [main] DEBUG o.h.l.p.b.i.FetchStyleLoadPlanBuildingAssociationVisitationStrategy - Building LoadPlan...
15:27:43.754 [main] DEBUG o.h.l.p.e.i.LoadQueryJoinAndFetchProcessor - processing queryspace &lt;gen:0&gt;
15:27:43.754 [main] DEBUG o.h.l.p.b.spi.LoadPlanTreePrinter - LoadPlan(entity=domain.PersonDomainModel)
    - Returns
       - EntityReturnImpl(entity=domain.PersonDomainModel, querySpaceUid=&lt;gen:0&gt;, path=domain.PersonDomainModel)
    - QuerySpaces
       - EntityQuerySpaceImpl(uid=&lt;gen:0&gt;, entity=domain.PersonDomainModel)
          - SQL table alias mapping - persondoma0_
          - alias suffix - 0_
          - suffixed key columns - {PERSONID1_0_0_}

15:27:43.754 [main] DEBUG o.h.loader.entity.plan.EntityLoader - Static select for entity domain.PersonDomainModel [READ]: select persondoma0_.PERSONID as PERSONID1_0_0_, persondoma0_.FIRSTNAME as FIRSTNAME2_0_0_, persondoma0_.LASTNAME as LASTNAME3_0_0_, persondoma0_.STREET as STREET4_0_0_, persondoma0_.POSTALCODE as POSTALCODE5_0_0_, persondoma0_.CITY as CITY6_0_0_, persondoma0_.BIRTHDAY as BIRTHDAY7_0_0_ from MCCABEW.Person persondoma0_ where persondoma0_.PERSONID=?
15:27:43.754 [main] DEBUG o.h.l.p.b.i.spaces.QuerySpacesImpl - Adding QuerySpace : uid = &lt;gen:0&gt; -&gt; org.hibernate.loader.plan.build.internal.spaces.EntityQuerySpaceImpl@13579834]
15:27:43.754 [main] DEBUG o.h.p.w.spi.MetamodelGraphWalker - Visiting attribute path : firstName
15:27:43.754 [main] DEBUG o.h.p.w.spi.MetamodelGraphWalker - Visiting attribute path : lastName
15:27:43.754 [main] DEBUG o.h.p.w.spi.MetamodelGraphWalker - Visiting attribute path : street
15:27:43.754 [main] DEBUG o.h.p.w.spi.MetamodelGraphWalker - Visiting attribute path : postalCode
15:27:43.754 [main] DEBUG o.h.p.w.spi.MetamodelGraphWalker - Visiting attribute path : city
15:27:43.755 [main] DEBUG o.h.p.w.spi.MetamodelGraphWalker - Visiting attribute path : birthday
15:27:43.755 [main] DEBUG o.h.l.p.b.i.FetchStyleLoadPlanBuildingAssociationVisitationStrategy - Building LoadPlan...
15:27:43.755 [main] DEBUG o.h.l.p.e.i.LoadQueryJoinAndFetchProcessor - processing queryspace &lt;gen:0&gt;
15:27:43.755 [main] DEBUG o.h.l.p.b.spi.LoadPlanTreePrinter - LoadPlan(entity=domain.PersonDomainModel)
    - Returns
       - EntityReturnImpl(entity=domain.PersonDomainModel, querySpaceUid=&lt;gen:0&gt;, path=domain.PersonDomainModel)
    - QuerySpaces
       - EntityQuerySpaceImpl(uid=&lt;gen:0&gt;, entity=domain.PersonDomainModel)
          - SQL table alias mapping - persondoma0_
          - alias suffix - 0_
          - suffixed key columns - {PERSONID1_0_0_}

15:27:43.755 [main] DEBUG o.h.loader.entity.plan.EntityLoader - Static select for entity domain.PersonDomainModel [UPGRADE]: select persondoma0_.PERSONID as PERSONID1_0_0_, persondoma0_.FIRSTNAME as FIRSTNAME2_0_0_, persondoma0_.LASTNAME as LASTNAME3_0_0_, persondoma0_.STREET as STREET4_0_0_, persondoma0_.POSTALCODE as POSTALCODE5_0_0_, persondoma0_.CITY as CITY6_0_0_, persondoma0_.BIRTHDAY as BIRTHDAY7_0_0_ from MCCABEW.Person persondoma0_ where persondoma0_.PERSONID=? for update
15:27:43.755 [main] DEBUG o.h.l.p.b.i.spaces.QuerySpacesImpl - Adding QuerySpace : uid = &lt;gen:0&gt; -&gt; org.hibernate.loader.plan.build.internal.spaces.EntityQuerySpaceImpl@5bd73d1a]
15:27:43.756 [main] DEBUG o.h.p.w.spi.MetamodelGraphWalker - Visiting attribute path : firstName
15:27:43.756 [main] DEBUG o.h.p.w.spi.MetamodelGraphWalker - Visiting attribute path : lastName
15:27:43.756 [main] DEBUG o.h.p.w.spi.MetamodelGraphWalker - Visiting attribute path : street
15:27:43.756 [main] DEBUG o.h.p.w.spi.MetamodelGraphWalker - Visiting attribute path : postalCode
15:27:43.756 [main] DEBUG o.h.p.w.spi.MetamodelGraphWalker - Visiting attribute path : city
15:27:43.756 [main] DEBUG o.h.p.w.spi.MetamodelGraphWalker - Visiting attribute path : birthday
15:27:43.756 [main] DEBUG o.h.l.p.b.i.FetchStyleLoadPlanBuildingAssociationVisitationStrategy - Building LoadPlan...
15:27:43.756 [main] DEBUG o.h.l.p.e.i.LoadQueryJoinAndFetchProcessor - processing queryspace &lt;gen:0&gt;
15:27:43.756 [main] DEBUG o.h.l.p.b.spi.LoadPlanTreePrinter - LoadPlan(entity=domain.PersonDomainModel)
    - Returns
       - EntityReturnImpl(entity=domain.PersonDomainModel, querySpaceUid=&lt;gen:0&gt;, path=domain.PersonDomainModel)
    - QuerySpaces
       - EntityQuerySpaceImpl(uid=&lt;gen:0&gt;, entity=domain.PersonDomainModel)
          - SQL table alias mapping - persondoma0_
          - alias suffix - 0_
          - suffixed key columns - {PERSONID1_0_0_}

15:27:43.756 [main] DEBUG o.h.loader.entity.plan.EntityLoader - Static select for entity domain.PersonDomainModel [UPGRADE_NOWAIT]: select persondoma0_.PERSONID as PERSONID1_0_0_, persondoma0_.FIRSTNAME as FIRSTNAME2_0_0_, persondoma0_.LASTNAME as LASTNAME3_0_0_, persondoma0_.STREET as STREET4_0_0_, persondoma0_.POSTALCODE as POSTALCODE5_0_0_, persondoma0_.CITY as CITY6_0_0_, persondoma0_.BIRTHDAY as BIRTHDAY7_0_0_ from MCCABEW.Person persondoma0_ where persondoma0_.PERSONID=? for update nowait
15:27:43.757 [main] DEBUG o.h.l.p.b.i.spaces.QuerySpacesImpl - Adding QuerySpace : uid = &lt;gen:0&gt; -&gt; org.hibernate.loader.plan.build.internal.spaces.EntityQuerySpaceImpl@2555fff0]
15:27:43.757 [main] DEBUG o.h.p.w.spi.MetamodelGraphWalker - Visiting attribute path : firstName
15:27:43.757 [main] DEBUG o.h.p.w.spi.MetamodelGraphWalker - Visiting attribute path : lastName
15:27:43.757 [main] DEBUG o.h.p.w.spi.MetamodelGraphWalker - Visiting attribute path : street
15:27:43.757 [main] DEBUG o.h.p.w.spi.MetamodelGraphWalker - Visiting attribute path : postalCode
15:27:43.757 [main] DEBUG o.h.p.w.spi.MetamodelGraphWalker - Visiting attribute path : city
15:27:43.757 [main] DEBUG o.h.p.w.spi.MetamodelGraphWalker - Visiting attribute path : birthday
15:27:43.757 [main] DEBUG o.h.l.p.b.i.FetchStyleLoadPlanBuildingAssociationVisitationStrategy - Building LoadPlan...
15:27:43.757 [main] DEBUG o.h.l.p.e.i.LoadQueryJoinAndFetchProcessor - processing queryspace &lt;gen:0&gt;
15:27:43.758 [main] DEBUG o.h.l.p.b.spi.LoadPlanTreePrinter - LoadPlan(entity=domain.PersonDomainModel)
    - Returns
       - EntityReturnImpl(entity=domain.PersonDomainModel, querySpaceUid=&lt;gen:0&gt;, path=domain.PersonDomainModel)
    - QuerySpaces
       - EntityQuerySpaceImpl(uid=&lt;gen:0&gt;, entity=domain.PersonDomainModel)
          - SQL table alias mapping - persondoma0_
          - alias suffix - 0_
          - suffixed key columns - {PERSONID1_0_0_}

15:27:43.758 [main] DEBUG o.h.loader.entity.plan.EntityLoader - Static select for entity domain.PersonDomainModel [UPGRADE_SKIPLOCKED]: select persondoma0_.PERSONID as PERSONID1_0_0_, persondoma0_.FIRSTNAME as FIRSTNAME2_0_0_, persondoma0_.LASTNAME as LASTNAME3_0_0_, persondoma0_.STREET as STREET4_0_0_, persondoma0_.POSTALCODE as POSTALCODE5_0_0_, persondoma0_.CITY as CITY6_0_0_, persondoma0_.BIRTHDAY as BIRTHDAY7_0_0_ from MCCABEW.Person persondoma0_ where persondoma0_.PERSONID=? for update skip locked
15:27:43.758 [main] DEBUG o.h.l.p.b.i.spaces.QuerySpacesImpl - Adding QuerySpace : uid = &lt;gen:0&gt; -&gt; org.hibernate.loader.plan.build.internal.spaces.EntityQuerySpaceImpl@120f38e6]
15:27:43.758 [main] DEBUG o.h.p.w.spi.MetamodelGraphWalker - Visiting attribute path : firstName
15:27:43.758 [main] DEBUG o.h.p.w.spi.MetamodelGraphWalker - Visiting attribute path : lastName
15:27:43.758 [main] DEBUG o.h.p.w.spi.MetamodelGraphWalker - Visiting attribute path : street
15:27:43.758 [main] DEBUG o.h.p.w.spi.MetamodelGraphWalker - Visiting attribute path : postalCode
15:27:43.758 [main] DEBUG o.h.p.w.spi.MetamodelGraphWalker - Visiting attribute path : city
15:27:43.758 [main] DEBUG o.h.p.w.spi.MetamodelGraphWalker - Visiting attribute path : birthday
15:27:43.758 [main] DEBUG o.h.l.p.b.i.FetchStyleLoadPlanBuildingAssociationVisitationStrategy - Building LoadPlan...
15:27:43.759 [main] DEBUG o.h.l.p.e.i.LoadQueryJoinAndFetchProcessor - processing queryspace &lt;gen:0&gt;
15:27:43.759 [main] DEBUG o.h.l.p.b.spi.LoadPlanTreePrinter - LoadPlan(entity=domain.PersonDomainModel)
    - Returns
       - EntityReturnImpl(entity=domain.PersonDomainModel, querySpaceUid=&lt;gen:0&gt;, path=domain.PersonDomainModel)
    - QuerySpaces
       - EntityQuerySpaceImpl(uid=&lt;gen:0&gt;, entity=domain.PersonDomainModel)
          - SQL table alias mapping - persondoma0_
          - alias suffix - 0_
          - suffixed key columns - {PERSONID1_0_0_}

15:27:43.759 [main] DEBUG o.h.loader.entity.plan.EntityLoader - Static select for entity domain.PersonDomainModel [FORCE]: select persondoma0_.PERSONID as PERSONID1_0_0_, persondoma0_.FIRSTNAME as FIRSTNAME2_0_0_, persondoma0_.LASTNAME as LASTNAME3_0_0_, persondoma0_.STREET as STREET4_0_0_, persondoma0_.POSTALCODE as POSTALCODE5_0_0_, persondoma0_.CITY as CITY6_0_0_, persondoma0_.BIRTHDAY as BIRTHDAY7_0_0_ from MCCABEW.Person persondoma0_ where persondoma0_.PERSONID=? for update nowait
15:27:43.759 [main] DEBUG o.h.l.p.b.i.spaces.QuerySpacesImpl - Adding QuerySpace : uid = &lt;gen:0&gt; -&gt; org.hibernate.loader.plan.build.internal.spaces.EntityQuerySpaceImpl@702ed190]
15:27:43.759 [main] DEBUG o.h.p.w.spi.MetamodelGraphWalker - Visiting attribute path : firstName
15:27:43.759 [main] DEBUG o.h.p.w.spi.MetamodelGraphWalker - Visiting attribute path : lastName
15:27:43.759 [main] DEBUG o.h.p.w.spi.MetamodelGraphWalker - Visiting attribute path : street
15:27:43.760 [main] DEBUG o.h.p.w.spi.MetamodelGraphWalker - Visiting attribute path : postalCode
15:27:43.760 [main] DEBUG o.h.p.w.spi.MetamodelGraphWalker - Visiting attribute path : city
15:27:43.760 [main] DEBUG o.h.p.w.spi.MetamodelGraphWalker - Visiting attribute path : birthday
15:27:43.760 [main] DEBUG o.h.l.p.b.i.FetchStyleLoadPlanBuildingAssociationVisitationStrategy - Building LoadPlan...
15:27:43.760 [main] DEBUG o.h.l.p.e.i.LoadQueryJoinAndFetchProcessor - processing queryspace &lt;gen:0&gt;
15:27:43.760 [main] DEBUG o.h.l.p.b.spi.LoadPlanTreePrinter - LoadPlan(entity=domain.PersonDomainModel)
    - Returns
       - EntityReturnImpl(entity=domain.PersonDomainModel, querySpaceUid=&lt;gen:0&gt;, path=domain.PersonDomainModel)
    - QuerySpaces
       - EntityQuerySpaceImpl(uid=&lt;gen:0&gt;, entity=domain.PersonDomainModel)
          - SQL table alias mapping - persondoma0_
          - alias suffix - 0_
          - suffixed key columns - {PERSONID1_0_0_}

15:27:43.761 [main] DEBUG o.h.loader.entity.plan.EntityLoader - Static select for entity domain.PersonDomainModel [PESSIMISTIC_READ]: select persondoma0_.PERSONID as PERSONID1_0_0_, persondoma0_.FIRSTNAME as FIRSTNAME2_0_0_, persondoma0_.LASTNAME as LASTNAME3_0_0_, persondoma0_.STREET as STREET4_0_0_, persondoma0_.POSTALCODE as POSTALCODE5_0_0_, persondoma0_.CITY as CITY6_0_0_, persondoma0_.BIRTHDAY as BIRTHDAY7_0_0_ from MCCABEW.Person persondoma0_ where persondoma0_.PERSONID=? for update
15:27:43.761 [main] DEBUG o.h.l.p.b.i.spaces.QuerySpacesImpl - Adding QuerySpace : uid = &lt;gen:0&gt; -&gt; org.hibernate.loader.plan.build.internal.spaces.EntityQuerySpaceImpl@7c18432b]
15:27:43.761 [main] DEBUG o.h.p.w.spi.MetamodelGraphWalker - Visiting attribute path : firstName
15:27:43.761 [main] DEBUG o.h.p.w.spi.MetamodelGraphWalker - Visiting attribute path : lastName
15:27:43.761 [main] DEBUG o.h.p.w.spi.MetamodelGraphWalker - Visiting attribute path : street
15:27:43.761 [main] DEBUG o.h.p.w.spi.MetamodelGraphWalker - Visiting attribute path : postalCode
15:27:43.761 [main] DEBUG o.h.p.w.spi.MetamodelGraphWalker - Visiting attribute path : city
15:27:43.761 [main] DEBUG o.h.p.w.spi.MetamodelGraphWalker - Visiting attribute path : birthday
15:27:43.761 [main] DEBUG o.h.l.p.b.i.FetchStyleLoadPlanBuildingAssociationVisitationStrategy - Building LoadPlan...
15:27:43.761 [main] DEBUG o.h.l.p.e.i.LoadQueryJoinAndFetchProcessor - processing queryspace &lt;gen:0&gt;
15:27:43.762 [main] DEBUG o.h.l.p.b.spi.LoadPlanTreePrinter - LoadPlan(entity=domain.PersonDomainModel)
    - Returns
       - EntityReturnImpl(entity=domain.PersonDomainModel, querySpaceUid=&lt;gen:0&gt;, path=domain.PersonDomainModel)
    - QuerySpaces
       - EntityQuerySpaceImpl(uid=&lt;gen:0&gt;, entity=domain.PersonDomainModel)
          - SQL table alias mapping - persondoma0_
          - alias suffix - 0_
          - suffixed key columns - {PERSONID1_0_0_}

15:27:43.762 [main] DEBUG o.h.loader.entity.plan.EntityLoader - Static select for entity domain.PersonDomainModel [PESSIMISTIC_WRITE]: select persondoma0_.PERSONID as PERSONID1_0_0_, persondoma0_.FIRSTNAME as FIRSTNAME2_0_0_, persondoma0_.LASTNAME as LASTNAME3_0_0_, persondoma0_.STREET as STREET4_0_0_, persondoma0_.POSTALCODE as POSTALCODE5_0_0_, persondoma0_.CITY as CITY6_0_0_, persondoma0_.BIRTHDAY as BIRTHDAY7_0_0_ from MCCABEW.Person persondoma0_ where persondoma0_.PERSONID=? for update
15:27:43.762 [main] DEBUG o.h.l.p.b.i.spaces.QuerySpacesImpl - Adding QuerySpace : uid = &lt;gen:0&gt; -&gt; org.hibernate.loader.plan.build.internal.spaces.EntityQuerySpaceImpl@70e29e14]
15:27:43.762 [main] DEBUG o.h.p.w.spi.MetamodelGraphWalker - Visiting attribute path : firstName
15:27:43.763 [main] DEBUG o.h.p.w.spi.MetamodelGraphWalker - Visiting attribute path : lastName
15:27:43.763 [main] DEBUG o.h.p.w.spi.MetamodelGraphWalker - Visiting attribute path : street
15:27:43.763 [main] DEBUG o.h.p.w.spi.MetamodelGraphWalker - Visiting attribute path : postalCode
15:27:43.763 [main] DEBUG o.h.p.w.spi.MetamodelGraphWalker - Visiting attribute path : city
15:27:43.763 [main] DEBUG o.h.p.w.spi.MetamodelGraphWalker - Visiting attribute path : birthday
15:27:43.763 [main] DEBUG o.h.l.p.b.i.FetchStyleLoadPlanBuildingAssociationVisitationStrategy - Building LoadPlan...
15:27:43.763 [main] DEBUG o.h.l.p.e.i.LoadQueryJoinAndFetchProcessor - processing queryspace &lt;gen:0&gt;
15:27:43.763 [main] DEBUG o.h.l.p.b.spi.LoadPlanTreePrinter - LoadPlan(entity=domain.PersonDomainModel)
    - Returns
       - EntityReturnImpl(entity=domain.PersonDomainModel, querySpaceUid=&lt;gen:0&gt;, path=domain.PersonDomainModel)
    - QuerySpaces
       - EntityQuerySpaceImpl(uid=&lt;gen:0&gt;, entity=domain.PersonDomainModel)
          - SQL table alias mapping - persondoma0_
          - alias suffix - 0_
          - suffixed key columns - {PERSONID1_0_0_}

15:27:43.763 [main] DEBUG o.h.loader.entity.plan.EntityLoader - Static select for entity domain.PersonDomainModel [PESSIMISTIC_FORCE_INCREMENT]: select persondoma0_.PERSONID as PERSONID1_0_0_, persondoma0_.FIRSTNAME as FIRSTNAME2_0_0_, persondoma0_.LASTNAME as LASTNAME3_0_0_, persondoma0_.STREET as STREET4_0_0_, persondoma0_.POSTALCODE as POSTALCODE5_0_0_, persondoma0_.CITY as CITY6_0_0_, persondoma0_.BIRTHDAY as BIRTHDAY7_0_0_ from MCCABEW.Person persondoma0_ where persondoma0_.PERSONID=? for update nowait
15:27:43.764 [main] DEBUG o.h.l.p.b.i.spaces.QuerySpacesImpl - Adding QuerySpace : uid = &lt;gen:0&gt; -&gt; org.hibernate.loader.plan.build.internal.spaces.EntityQuerySpaceImpl@5a4bef8]
15:27:43.764 [main] DEBUG o.h.p.w.spi.MetamodelGraphWalker - Visiting attribute path : firstName
15:27:43.764 [main] DEBUG o.h.p.w.spi.MetamodelGraphWalker - Visiting attribute path : lastName
15:27:43.764 [main] DEBUG o.h.p.w.spi.MetamodelGraphWalker - Visiting attribute path : street
15:27:43.764 [main] DEBUG o.h.p.w.spi.MetamodelGraphWalker - Visiting attribute path : postalCode
15:27:43.764 [main] DEBUG o.h.p.w.spi.MetamodelGraphWalker - Visiting attribute path : city
15:27:43.764 [main] DEBUG o.h.p.w.spi.MetamodelGraphWalker - Visiting attribute path : birthday
15:27:43.764 [main] DEBUG o.h.l.p.b.i.FetchStyleLoadPlanBuildingAssociationVisitationStrategy - Building LoadPlan...
15:27:43.764 [main] DEBUG o.h.l.p.e.i.LoadQueryJoinAndFetchProcessor - processing queryspace &lt;gen:0&gt;
15:27:43.765 [main] DEBUG o.h.l.p.b.spi.LoadPlanTreePrinter - LoadPlan(entity=domain.PersonDomainModel)
    - Returns
       - EntityReturnImpl(entity=domain.PersonDomainModel, querySpaceUid=&lt;gen:0&gt;, path=domain.PersonDomainModel)
    - QuerySpaces
       - EntityQuerySpaceImpl(uid=&lt;gen:0&gt;, entity=domain.PersonDomainModel)
          - SQL table alias mapping - persondoma0_
          - alias suffix - 0_
          - suffixed key columns - {PERSONID1_0_0_}

15:27:43.765 [main] DEBUG o.h.loader.entity.plan.EntityLoader - Static select for entity domain.PersonDomainModel [OPTIMISTIC]: select persondoma0_.PERSONID as PERSONID1_0_0_, persondoma0_.FIRSTNAME as FIRSTNAME2_0_0_, persondoma0_.LASTNAME as LASTNAME3_0_0_, persondoma0_.STREET as STREET4_0_0_, persondoma0_.POSTALCODE as POSTALCODE5_0_0_, persondoma0_.CITY as CITY6_0_0_, persondoma0_.BIRTHDAY as BIRTHDAY7_0_0_ from MCCABEW.Person persondoma0_ where persondoma0_.PERSONID=?
15:27:43.765 [main] DEBUG o.h.l.p.b.i.spaces.QuerySpacesImpl - Adding QuerySpace : uid = &lt;gen:0&gt; -&gt; org.hibernate.loader.plan.build.internal.spaces.EntityQuerySpaceImpl@2449cff7]
15:27:43.766 [main] DEBUG o.h.p.w.spi.MetamodelGraphWalker - Visiting attribute path : firstName
15:27:43.766 [main] DEBUG o.h.p.w.spi.MetamodelGraphWalker - Visiting attribute path : lastName
15:27:43.766 [main] DEBUG o.h.p.w.spi.MetamodelGraphWalker - Visiting attribute path : street
15:27:43.766 [main] DEBUG o.h.p.w.spi.MetamodelGraphWalker - Visiting attribute path : postalCode
15:27:43.766 [main] DEBUG o.h.p.w.spi.MetamodelGraphWalker - Visiting attribute path : city
15:27:43.766 [main] DEBUG o.h.p.w.spi.MetamodelGraphWalker - Visiting attribute path : birthday
15:27:43.766 [main] DEBUG o.h.l.p.b.i.FetchStyleLoadPlanBuildingAssociationVisitationStrategy - Building LoadPlan...
15:27:43.767 [main] DEBUG o.h.l.p.e.i.LoadQueryJoinAndFetchProcessor - processing queryspace &lt;gen:0&gt;
15:27:43.767 [main] DEBUG o.h.l.p.b.spi.LoadPlanTreePrinter - LoadPlan(entity=domain.PersonDomainModel)
    - Returns
       - EntityReturnImpl(entity=domain.PersonDomainModel, querySpaceUid=&lt;gen:0&gt;, path=domain.PersonDomainModel)
    - QuerySpaces
       - EntityQuerySpaceImpl(uid=&lt;gen:0&gt;, entity=domain.PersonDomainModel)
          - SQL table alias mapping - persondoma0_
          - alias suffix - 0_
          - suffixed key columns - {PERSONID1_0_0_}

15:27:43.767 [main] DEBUG o.h.loader.entity.plan.EntityLoader - Static select for entity domain.PersonDomainModel [OPTIMISTIC_FORCE_INCREMENT]: select persondoma0_.PERSONID as PERSONID1_0_0_, persondoma0_.FIRSTNAME as FIRSTNAME2_0_0_, persondoma0_.LASTNAME as LASTNAME3_0_0_, persondoma0_.STREET as STREET4_0_0_, persondoma0_.POSTALCODE as POSTALCODE5_0_0_, persondoma0_.CITY as CITY6_0_0_, persondoma0_.BIRTHDAY as BIRTHDAY7_0_0_ from MCCABEW.Person persondoma0_ where persondoma0_.PERSONID=?
15:27:43.785 [main] DEBUG org.hibernate.loader.Loader - Static select for action ACTION_MERGE on entity domain.PersonDomainModel: select persondoma0_.PERSONID as PERSONID1_0_0_, persondoma0_.FIRSTNAME as FIRSTNAME2_0_0_, persondoma0_.LASTNAME as LASTNAME3_0_0_, persondoma0_.STREET as STREET4_0_0_, persondoma0_.POSTALCODE as POSTALCODE5_0_0_, persondoma0_.CITY as CITY6_0_0_, persondoma0_.BIRTHDAY as BIRTHDAY7_0_0_ from MCCABEW.Person persondoma0_ where persondoma0_.PERSONID=?
15:27:43.785 [main] DEBUG org.hibernate.loader.Loader - Static select for action ACTION_REFRESH on entity domain.PersonDomainModel: select persondoma0_.PERSONID as PERSONID1_0_0_, persondoma0_.FIRSTNAME as FIRSTNAME2_0_0_, persondoma0_.LASTNAME as LASTNAME3_0_0_, persondoma0_.STREET as STREET4_0_0_, persondoma0_.POSTALCODE as POSTALCODE5_0_0_, persondoma0_.CITY as CITY6_0_0_, persondoma0_.BIRTHDAY as BIRTHDAY7_0_0_ from MCCABEW.Person persondoma0_ where persondoma0_.PERSONID=?
15:27:43.785 [main] DEBUG o.h.internal.SessionFactoryImpl - Instantiated session factory
15:27:43.789 [main] INFO  o.h.tool.hbm2ddl.SchemaUpdate - HHH000228: Running hbm2ddl schema update
15:27:45.354 [main] DEBUG o.h.tool.hbm2ddl.SchemaUpdate - No alter strings for table : Person
15:27:45.376 [main] DEBUG o.h.e.t.j.p.i.JtaPlatformInitiator - No JtaPlatform was specified, checking resolver
15:27:45.377 [main] DEBUG o.h.e.t.j.p.i.JtaPlatformResolverInitiator - No JtaPlatformResolver was specified, using default [org.hibernate.engine.transaction.jta.platform.internal.StandardJtaPlatformResolver]
15:27:45.379 [main] DEBUG o.h.e.t.j.p.i.StandardJtaPlatformResolver - Could not resolve JtaPlatform, using default [org.hibernate.engine.transaction.jta.platform.internal.NoJtaPlatform]
15:27:45.381 [main] DEBUG o.h.internal.NamedQueryRepository - Checking 0 named HQL queries
15:27:45.381 [main] DEBUG o.h.internal.NamedQueryRepository - Checking 0 named SQL queries
15:27:45.383 [main] DEBUG o.h.internal.SessionFactoryRegistry - Initializing SessionFactoryRegistry : org.hibernate.internal.SessionFactoryRegistry@117632cf
15:27:45.385 [main] DEBUG o.h.internal.SessionFactoryRegistry - Registering SessionFactory: 1c6475d7-9933-4cb9-b27c-c6423bd66d32 (&lt;unnamed&gt;)
15:27:45.385 [main] DEBUG o.h.internal.SessionFactoryRegistry - Not binding SessionFactory to JNDI, no JNDI name configured
15:27:45.427 [main] DEBUG o.h.s.internal.StatisticsInitiator - Statistics initialized [enabled=false]
15:27:45.428 [main] DEBUG o.h.e.t.internal.TransactionImpl - begin
</system-out>
  </testcase>
  <testcase classname="base.Person_Test" name="UpdatePerson" time="4.554">
    <error type="java.lang.NullPointerException">java.lang.NullPointerException
	at base.Person_Test.tearDown(Person_Test.java:46)
	at sun.reflect.NativeMethodAccessorImpl.invoke0(Native Method)
	at sun.reflect.NativeMethodAccessorImpl.invoke(NativeMethodAccessorImpl.java:62)
	at sun.reflect.DelegatingMethodAccessorImpl.invoke(DelegatingMethodAccessorImpl.java:43)
	at java.lang.reflect.Method.invoke(Method.java:498)
	at org.junit.runners.model.FrameworkMethod$1.runReflectiveCall(FrameworkMethod.java:47)
	at org.junit.internal.runners.model.ReflectiveCallable.run(ReflectiveCallable.java:12)
	at org.junit.runners.model.FrameworkMethod.invokeExplosively(FrameworkMethod.java:44)
	at org.junit.internal.runners.statements.RunAfters.evaluate(RunAfters.java:33)
	at org.junit.runners.ParentRunner.runLeaf(ParentRunner.java:271)
	at org.junit.runners.BlockJUnit4ClassRunner.runChild(BlockJUnit4ClassRunner.java:70)
	at org.junit.runners.BlockJUnit4ClassRunner.runChild(BlockJUnit4ClassRunner.java:50)
	at org.junit.runners.ParentRunner$3.run(ParentRunner.java:238)
	at org.junit.runners.ParentRunner$1.schedule(ParentRunner.java:63)
	at org.junit.runners.ParentRunner.runChildren(ParentRunner.java:236)
	at org.junit.runners.ParentRunner.access$000(ParentRunner.java:53)
	at org.junit.runners.ParentRunner$2.evaluate(ParentRunner.java:229)
	at org.junit.internal.runners.statements.RunBefores.evaluate(RunBefores.java:26)
	at org.junit.internal.runners.statements.RunAfters.evaluate(RunAfters.java:27)
	at org.junit.runners.ParentRunner.run(ParentRunner.java:309)
	at org.apache.maven.surefire.junit4.JUnit4Provider.execute(JUnit4Provider.java:252)
	at org.apache.maven.surefire.junit4.JUnit4Provider.executeTestSet(JUnit4Provider.java:141)
	at org.apache.maven.surefire.junit4.JUnit4Provider.invoke(JUnit4Provider.java:112)
	at sun.reflect.NativeMethodAccessorImpl.invoke0(Native Method)
	at sun.reflect.NativeMethodAccessorImpl.invoke(NativeMethodAccessorImpl.java:62)
	at sun.reflect.DelegatingMethodAccessorImpl.invoke(DelegatingMethodAccessorImpl.java:43)
	at java.lang.reflect.Method.invoke(Method.java:498)
	at org.apache.maven.surefire.util.ReflectionUtils.invokeMethodWithArray(ReflectionUtils.java:189)
	at org.apache.maven.surefire.booter.ProviderFactory$ProviderProxy.invoke(ProviderFactory.java:165)
	at org.apache.maven.surefire.booter.ProviderFactory.invokeProvider(ProviderFactory.java:85)
	at org.apache.maven.surefire.booter.ForkedBooter.runSuitesInProcess(ForkedBooter.java:115)
	at org.apache.maven.surefire.booter.ForkedBooter.main(ForkedBooter.java:75)
</error>
  </testcase>
  <testcase classname="base.Person_Test" name="DeletePerson" time="0.002">
    <error message="attempt to create saveOrUpdate event with null entity" type="java.lang.IllegalArgumentException">java.lang.IllegalArgumentException: attempt to create saveOrUpdate event with null entity
	at org.hibernate.event.spi.SaveOrUpdateEvent.&lt;init&gt;(SaveOrUpdateEvent.java:45)
	at org.hibernate.event.spi.SaveOrUpdateEvent.&lt;init&gt;(SaveOrUpdateEvent.java:28)
	at org.hibernate.internal.SessionImpl.save(SessionImpl.java:670)
	at org.hibernate.internal.SessionImpl.save(SessionImpl.java:665)
	at base.PersonDAL.addPerson(PersonDAL.java:24)
	at base.Person_Test.DeletePerson(Person_Test.java:61)
	at sun.reflect.NativeMethodAccessorImpl.invoke0(Native Method)
	at sun.reflect.NativeMethodAccessorImpl.invoke(NativeMethodAccessorImpl.java:62)
	at sun.reflect.DelegatingMethodAccessorImpl.invoke(DelegatingMethodAccessorImpl.java:43)
	at java.lang.reflect.Method.invoke(Method.java:498)
	at org.junit.runners.model.FrameworkMethod$1.runReflectiveCall(FrameworkMethod.java:47)
	at org.junit.internal.runners.model.ReflectiveCallable.run(ReflectiveCallable.java:12)
	at org.junit.runners.model.FrameworkMethod.invokeExplosively(FrameworkMethod.java:44)
	at org.junit.internal.runners.statements.InvokeMethod.evaluate(InvokeMethod.java:17)
	at org.junit.internal.runners.statements.RunBefores.evaluate(RunBefores.java:26)
	at org.junit.internal.runners.statements.RunAfters.evaluate(RunAfters.java:27)
	at org.junit.runners.ParentRunner.runLeaf(ParentRunner.java:271)
	at org.junit.runners.BlockJUnit4ClassRunner.runChild(BlockJUnit4ClassRunner.java:70)
	at org.junit.runners.BlockJUnit4ClassRunner.runChild(BlockJUnit4ClassRunner.java:50)
	at org.junit.runners.ParentRunner$3.run(ParentRunner.java:238)
	at org.junit.runners.ParentRunner$1.schedule(ParentRunner.java:63)
	at org.junit.runners.ParentRunner.runChildren(ParentRunner.java:236)
	at org.junit.runners.ParentRunner.access$000(ParentRunner.java:53)
	at org.junit.runners.ParentRunner$2.evaluate(ParentRunner.java:229)
	at org.junit.internal.runners.statements.RunBefores.evaluate(RunBefores.java:26)
	at org.junit.internal.runners.statements.RunAfters.evaluate(RunAfters.java:27)
	at org.junit.runners.ParentRunner.run(ParentRunner.java:309)
	at org.apache.maven.surefire.junit4.JUnit4Provider.execute(JUnit4Provider.java:252)
	at org.apache.maven.surefire.junit4.JUnit4Provider.executeTestSet(JUnit4Provider.java:141)
	at org.apache.maven.surefire.junit4.JUnit4Provider.invoke(JUnit4Provider.java:112)
	at sun.reflect.NativeMethodAccessorImpl.invoke0(Native Method)
	at sun.reflect.NativeMethodAccessorImpl.invoke(NativeMethodAccessorImpl.java:62)
	at sun.reflect.DelegatingMethodAccessorImpl.invoke(DelegatingMethodAccessorImpl.java:43)
	at java.lang.reflect.Method.invoke(Method.java:498)
	at org.apache.maven.surefire.util.ReflectionUtils.invokeMethodWithArray(ReflectionUtils.java:189)
	at org.apache.maven.surefire.booter.ProviderFactory$ProviderProxy.invoke(ProviderFactory.java:165)
	at org.apache.maven.surefire.booter.ProviderFactory.invokeProvider(ProviderFactory.java:85)
	at org.apache.maven.surefire.booter.ForkedBooter.runSuitesInProcess(ForkedBooter.java:115)
	at org.apache.maven.surefire.booter.ForkedBooter.main(ForkedBooter.java:75)
</error>
    <system-out>15:27:45.443 [main] DEBUG o.h.e.t.internal.TransactionImpl - begin
</system-out>
  </testcase>
  <testcase classname="base.Person_Test" name="DeletePerson" time="0.003">
    <error type="java.lang.NullPointerException">java.lang.NullPointerException
	at base.Person_Test.tearDown(Person_Test.java:46)
	at sun.reflect.NativeMethodAccessorImpl.invoke0(Native Method)
	at sun.reflect.NativeMethodAccessorImpl.invoke(NativeMethodAccessorImpl.java:62)
	at sun.reflect.DelegatingMethodAccessorImpl.invoke(DelegatingMethodAccessorImpl.java:43)
	at java.lang.reflect.Method.invoke(Method.java:498)
	at org.junit.runners.model.FrameworkMethod$1.runReflectiveCall(FrameworkMethod.java:47)
	at org.junit.internal.runners.model.ReflectiveCallable.run(ReflectiveCallable.java:12)
	at org.junit.runners.model.FrameworkMethod.invokeExplosively(FrameworkMethod.java:44)
	at org.junit.internal.runners.statements.RunAfters.evaluate(RunAfters.java:33)
	at org.junit.runners.ParentRunner.runLeaf(ParentRunner.java:271)
	at org.junit.runners.BlockJUnit4ClassRunner.runChild(BlockJUnit4ClassRunner.java:70)
	at org.junit.runners.BlockJUnit4ClassRunner.runChild(BlockJUnit4ClassRunner.java:50)
	at org.junit.runners.ParentRunner$3.run(ParentRunner.java:238)
	at org.junit.runners.ParentRunner$1.schedule(ParentRunner.java:63)
	at org.junit.runners.ParentRunner.runChildren(ParentRunner.java:236)
	at org.junit.runners.ParentRunner.access$000(ParentRunner.java:53)
	at org.junit.runners.ParentRunner$2.evaluate(ParentRunner.java:229)
	at org.junit.internal.runners.statements.RunBefores.evaluate(RunBefores.java:26)
	at org.junit.internal.runners.statements.RunAfters.evaluate(RunAfters.java:27)
	at org.junit.runners.ParentRunner.run(ParentRunner.java:309)
	at org.apache.maven.surefire.junit4.JUnit4Provider.execute(JUnit4Provider.java:252)
	at org.apache.maven.surefire.junit4.JUnit4Provider.executeTestSet(JUnit4Provider.java:141)
	at org.apache.maven.surefire.junit4.JUnit4Provider.invoke(JUnit4Provider.java:112)
	at sun.reflect.NativeMethodAccessorImpl.invoke0(Native Method)
	at sun.reflect.NativeMethodAccessorImpl.invoke(NativeMethodAccessorImpl.java:62)
	at sun.reflect.DelegatingMethodAccessorImpl.invoke(DelegatingMethodAccessorImpl.java:43)
	at java.lang.reflect.Method.invoke(Method.java:498)
	at org.apache.maven.surefire.util.ReflectionUtils.invokeMethodWithArray(ReflectionUtils.java:189)
	at org.apache.maven.surefire.booter.ProviderFactory$ProviderProxy.invoke(ProviderFactory.java:165)
	at org.apache.maven.surefire.booter.ProviderFactory.invokeProvider(ProviderFactory.java:85)
	at org.apache.maven.surefire.booter.ForkedBooter.runSuitesInProcess(ForkedBooter.java:115)
	at org.apache.maven.surefire.booter.ForkedBooter.main(ForkedBooter.java:75)
</error>
  </testcase>
  <testcase classname="base.Person_Test" name="getPersons" time="0">
    <error message="attempt to create saveOrUpdate event with null entity" type="java.lang.IllegalArgumentException">java.lang.IllegalArgumentException: attempt to create saveOrUpdate event with null entity
	at org.hibernate.event.spi.SaveOrUpdateEvent.&lt;init&gt;(SaveOrUpdateEvent.java:45)
	at org.hibernate.event.spi.SaveOrUpdateEvent.&lt;init&gt;(SaveOrUpdateEvent.java:28)
	at org.hibernate.internal.SessionImpl.save(SessionImpl.java:670)
	at org.hibernate.internal.SessionImpl.save(SessionImpl.java:665)
	at base.PersonDAL.addPerson(PersonDAL.java:24)
	at base.Person_Test.getPersons(Person_Test.java:87)
	at sun.reflect.NativeMethodAccessorImpl.invoke0(Native Method)
	at sun.reflect.NativeMethodAccessorImpl.invoke(NativeMethodAccessorImpl.java:62)
	at sun.reflect.DelegatingMethodAccessorImpl.invoke(DelegatingMethodAccessorImpl.java:43)
	at java.lang.reflect.Method.invoke(Method.java:498)
	at org.junit.runners.model.FrameworkMethod$1.runReflectiveCall(FrameworkMethod.java:47)
	at org.junit.internal.runners.model.ReflectiveCallable.run(ReflectiveCallable.java:12)
	at org.junit.runners.model.FrameworkMethod.invokeExplosively(FrameworkMethod.java:44)
	at org.junit.internal.runners.statements.InvokeMethod.evaluate(InvokeMethod.java:17)
	at org.junit.internal.runners.statements.RunBefores.evaluate(RunBefores.java:26)
	at org.junit.internal.runners.statements.RunAfters.evaluate(RunAfters.java:27)
	at org.junit.runners.ParentRunner.runLeaf(ParentRunner.java:271)
	at org.junit.runners.BlockJUnit4ClassRunner.runChild(BlockJUnit4ClassRunner.java:70)
	at org.junit.runners.BlockJUnit4ClassRunner.runChild(BlockJUnit4ClassRunner.java:50)
	at org.junit.runners.ParentRunner$3.run(ParentRunner.java:238)
	at org.junit.runners.ParentRunner$1.schedule(ParentRunner.java:63)
	at org.junit.runners.ParentRunner.runChildren(ParentRunner.java:236)
	at org.junit.runners.ParentRunner.access$000(ParentRunner.java:53)
	at org.junit.runners.ParentRunner$2.evaluate(ParentRunner.java:229)
	at org.junit.internal.runners.statements.RunBefores.evaluate(RunBefores.java:26)
	at org.junit.internal.runners.statements.RunAfters.evaluate(RunAfters.java:27)
	at org.junit.runners.ParentRunner.run(ParentRunner.java:309)
	at org.apache.maven.surefire.junit4.JUnit4Provider.execute(JUnit4Provider.java:252)
	at org.apache.maven.surefire.junit4.JUnit4Provider.executeTestSet(JUnit4Provider.java:141)
	at org.apache.maven.surefire.junit4.JUnit4Provider.invoke(JUnit4Provider.java:112)
	at sun.reflect.NativeMethodAccessorImpl.invoke0(Native Method)
	at sun.reflect.NativeMethodAccessorImpl.invoke(NativeMethodAccessorImpl.java:62)
	at sun.reflect.DelegatingMethodAccessorImpl.invoke(DelegatingMethodAccessorImpl.java:43)
	at java.lang.reflect.Method.invoke(Method.java:498)
	at org.apache.maven.surefire.util.ReflectionUtils.invokeMethodWithArray(ReflectionUtils.java:189)
	at org.apache.maven.surefire.booter.ProviderFactory$ProviderProxy.invoke(ProviderFactory.java:165)
	at org.apache.maven.surefire.booter.ProviderFactory.invokeProvider(ProviderFactory.java:85)
	at org.apache.maven.surefire.booter.ForkedBooter.runSuitesInProcess(ForkedBooter.java:115)
	at org.apache.maven.surefire.booter.ForkedBooter.main(ForkedBooter.java:75)
</error>
    <system-out>15:27:45.445 [main] DEBUG o.h.e.t.internal.TransactionImpl - begin
</system-out>
  </testcase>
  <testcase classname="base.Person_Test" name="getPersons" time="0.001">
    <error type="java.lang.NullPointerException">java.lang.NullPointerException
	at base.Person_Test.tearDown(Person_Test.java:46)
	at sun.reflect.NativeMethodAccessorImpl.invoke0(Native Method)
	at sun.reflect.NativeMethodAccessorImpl.invoke(NativeMethodAccessorImpl.java:62)
	at sun.reflect.DelegatingMethodAccessorImpl.invoke(DelegatingMethodAccessorImpl.java:43)
	at java.lang.reflect.Method.invoke(Method.java:498)
	at org.junit.runners.model.FrameworkMethod$1.runReflectiveCall(FrameworkMethod.java:47)
	at org.junit.internal.runners.model.ReflectiveCallable.run(ReflectiveCallable.java:12)
	at org.junit.runners.model.FrameworkMethod.invokeExplosively(FrameworkMethod.java:44)
	at org.junit.internal.runners.statements.RunAfters.evaluate(RunAfters.java:33)
	at org.junit.runners.ParentRunner.runLeaf(ParentRunner.java:271)
	at org.junit.runners.BlockJUnit4ClassRunner.runChild(BlockJUnit4ClassRunner.java:70)
	at org.junit.runners.BlockJUnit4ClassRunner.runChild(BlockJUnit4ClassRunner.java:50)
	at org.junit.runners.ParentRunner$3.run(ParentRunner.java:238)
	at org.junit.runners.ParentRunner$1.schedule(ParentRunner.java:63)
	at org.junit.runners.ParentRunner.runChildren(ParentRunner.java:236)
	at org.junit.runners.ParentRunner.access$000(ParentRunner.java:53)
	at org.junit.runners.ParentRunner$2.evaluate(ParentRunner.java:229)
	at org.junit.internal.runners.statements.RunBefores.evaluate(RunBefores.java:26)
	at org.junit.internal.runners.statements.RunAfters.evaluate(RunAfters.java:27)
	at org.junit.runners.ParentRunner.run(ParentRunner.java:309)
	at org.apache.maven.surefire.junit4.JUnit4Provider.execute(JUnit4Provider.java:252)
	at org.apache.maven.surefire.junit4.JUnit4Provider.executeTestSet(JUnit4Provider.java:141)
	at org.apache.maven.surefire.junit4.JUnit4Provider.invoke(JUnit4Provider.java:112)
	at sun.reflect.NativeMethodAccessorImpl.invoke0(Native Method)
	at sun.reflect.NativeMethodAccessorImpl.invoke(NativeMethodAccessorImpl.java:62)
	at sun.reflect.DelegatingMethodAccessorImpl.invoke(DelegatingMethodAccessorImpl.java:43)
	at java.lang.reflect.Method.invoke(Method.java:498)
	at org.apache.maven.surefire.util.ReflectionUtils.invokeMethodWithArray(ReflectionUtils.java:189)
	at org.apache.maven.surefire.booter.ProviderFactory$ProviderProxy.invoke(ProviderFactory.java:165)
	at org.apache.maven.surefire.booter.ProviderFactory.invokeProvider(ProviderFactory.java:85)
	at org.apache.maven.surefire.booter.ForkedBooter.runSuitesInProcess(ForkedBooter.java:115)
	at org.apache.maven.surefire.booter.ForkedBooter.main(ForkedBooter.java:75)
</error>
  </testcase>
  <testcase classname="base.Person_Test" name="getPerson" time="0.001">
    <error message="attempt to create saveOrUpdate event with null entity" type="java.lang.IllegalArgumentException">java.lang.IllegalArgumentException: attempt to create saveOrUpdate event with null entity
	at org.hibernate.event.spi.SaveOrUpdateEvent.&lt;init&gt;(SaveOrUpdateEvent.java:45)
	at org.hibernate.event.spi.SaveOrUpdateEvent.&lt;init&gt;(SaveOrUpdateEvent.java:28)
	at org.hibernate.internal.SessionImpl.save(SessionImpl.java:670)
	at org.hibernate.internal.SessionImpl.save(SessionImpl.java:665)
	at base.PersonDAL.addPerson(PersonDAL.java:24)
	at base.Person_Test.getPerson(Person_Test.java:78)
	at sun.reflect.NativeMethodAccessorImpl.invoke0(Native Method)
	at sun.reflect.NativeMethodAccessorImpl.invoke(NativeMethodAccessorImpl.java:62)
	at sun.reflect.DelegatingMethodAccessorImpl.invoke(DelegatingMethodAccessorImpl.java:43)
	at java.lang.reflect.Method.invoke(Method.java:498)
	at org.junit.runners.model.FrameworkMethod$1.runReflectiveCall(FrameworkMethod.java:47)
	at org.junit.internal.runners.model.ReflectiveCallable.run(ReflectiveCallable.java:12)
	at org.junit.runners.model.FrameworkMethod.invokeExplosively(FrameworkMethod.java:44)
	at org.junit.internal.runners.statements.InvokeMethod.evaluate(InvokeMethod.java:17)
	at org.junit.internal.runners.statements.RunBefores.evaluate(RunBefores.java:26)
	at org.junit.internal.runners.statements.RunAfters.evaluate(RunAfters.java:27)
	at org.junit.runners.ParentRunner.runLeaf(ParentRunner.java:271)
	at org.junit.runners.BlockJUnit4ClassRunner.runChild(BlockJUnit4ClassRunner.java:70)
	at org.junit.runners.BlockJUnit4ClassRunner.runChild(BlockJUnit4ClassRunner.java:50)
	at org.junit.runners.ParentRunner$3.run(ParentRunner.java:238)
	at org.junit.runners.ParentRunner$1.schedule(ParentRunner.java:63)
	at org.junit.runners.ParentRunner.runChildren(ParentRunner.java:236)
	at org.junit.runners.ParentRunner.access$000(ParentRunner.java:53)
	at org.junit.runners.ParentRunner$2.evaluate(ParentRunner.java:229)
	at org.junit.internal.runners.statements.RunBefores.evaluate(RunBefores.java:26)
	at org.junit.internal.runners.statements.RunAfters.evaluate(RunAfters.java:27)
	at org.junit.runners.ParentRunner.run(ParentRunner.java:309)
	at org.apache.maven.surefire.junit4.JUnit4Provider.execute(JUnit4Provider.java:252)
	at org.apache.maven.surefire.junit4.JUnit4Provider.executeTestSet(JUnit4Provider.java:141)
	at org.apache.maven.surefire.junit4.JUnit4Provider.invoke(JUnit4Provider.java:112)
	at sun.reflect.NativeMethodAccessorImpl.invoke0(Native Method)
	at sun.reflect.NativeMethodAccessorImpl.invoke(NativeMethodAccessorImpl.java:62)
	at sun.reflect.DelegatingMethodAccessorImpl.invoke(DelegatingMethodAccessorImpl.java:43)
	at java.lang.reflect.Method.invoke(Method.java:498)
	at org.apache.maven.surefire.util.ReflectionUtils.invokeMethodWithArray(ReflectionUtils.java:189)
	at org.apache.maven.surefire.booter.ProviderFactory$ProviderProxy.invoke(ProviderFactory.java:165)
	at org.apache.maven.surefire.booter.ProviderFactory.invokeProvider(ProviderFactory.java:85)
	at org.apache.maven.surefire.booter.ForkedBooter.runSuitesInProcess(ForkedBooter.java:115)
	at org.apache.maven.surefire.booter.ForkedBooter.main(ForkedBooter.java:75)
</error>
    <system-out>15:27:45.448 [main] DEBUG o.h.e.t.internal.TransactionImpl - begin
</system-out>
  </testcase>
  <testcase classname="base.Person_Test" name="getPerson" time="0.002">
    <error type="java.lang.NullPointerException">java.lang.NullPointerException
	at base.Person_Test.tearDown(Person_Test.java:46)
	at sun.reflect.NativeMethodAccessorImpl.invoke0(Native Method)
	at sun.reflect.NativeMethodAccessorImpl.invoke(NativeMethodAccessorImpl.java:62)
	at sun.reflect.DelegatingMethodAccessorImpl.invoke(DelegatingMethodAccessorImpl.java:43)
	at java.lang.reflect.Method.invoke(Method.java:498)
	at org.junit.runners.model.FrameworkMethod$1.runReflectiveCall(FrameworkMethod.java:47)
	at org.junit.internal.runners.model.ReflectiveCallable.run(ReflectiveCallable.java:12)
	at org.junit.runners.model.FrameworkMethod.invokeExplosively(FrameworkMethod.java:44)
	at org.junit.internal.runners.statements.RunAfters.evaluate(RunAfters.java:33)
	at org.junit.runners.ParentRunner.runLeaf(ParentRunner.java:271)
	at org.junit.runners.BlockJUnit4ClassRunner.runChild(BlockJUnit4ClassRunner.java:70)
	at org.junit.runners.BlockJUnit4ClassRunner.runChild(BlockJUnit4ClassRunner.java:50)
	at org.junit.runners.ParentRunner$3.run(ParentRunner.java:238)
	at org.junit.runners.ParentRunner$1.schedule(ParentRunner.java:63)
	at org.junit.runners.ParentRunner.runChildren(ParentRunner.java:236)
	at org.junit.runners.ParentRunner.access$000(ParentRunner.java:53)
	at org.junit.runners.ParentRunner$2.evaluate(ParentRunner.java:229)
	at org.junit.internal.runners.statements.RunBefores.evaluate(RunBefores.java:26)
	at org.junit.internal.runners.statements.RunAfters.evaluate(RunAfters.java:27)
	at org.junit.runners.ParentRunner.run(ParentRunner.java:309)
	at org.apache.maven.surefire.junit4.JUnit4Provider.execute(JUnit4Provider.java:252)
	at org.apache.maven.surefire.junit4.JUnit4Provider.executeTestSet(JUnit4Provider.java:141)
	at org.apache.maven.surefire.junit4.JUnit4Provider.invoke(JUnit4Provider.java:112)
	at sun.reflect.NativeMethodAccessorImpl.invoke0(Native Method)
	at sun.reflect.NativeMethodAccessorImpl.invoke(NativeMethodAccessorImpl.java:62)
	at sun.reflect.DelegatingMethodAccessorImpl.invoke(DelegatingMethodAccessorImpl.java:43)
	at java.lang.reflect.Method.invoke(Method.java:498)
	at org.apache.maven.surefire.util.ReflectionUtils.invokeMethodWithArray(ReflectionUtils.java:189)
	at org.apache.maven.surefire.booter.ProviderFactory$ProviderProxy.invoke(ProviderFactory.java:165)
	at org.apache.maven.surefire.booter.ProviderFactory.invokeProvider(ProviderFactory.java:85)
	at org.apache.maven.surefire.booter.ForkedBooter.runSuitesInProcess(ForkedBooter.java:115)
	at org.apache.maven.surefire.booter.ForkedBooter.main(ForkedBooter.java:75)
</error>
  </testcase>
  <testcase classname="base.Person_Test" name="AddPerson" time="0.001">
    <error message="attempt to create saveOrUpdate event with null entity" type="java.lang.IllegalArgumentException">java.lang.IllegalArgumentException: attempt to create saveOrUpdate event with null entity
	at org.hibernate.event.spi.SaveOrUpdateEvent.&lt;init&gt;(SaveOrUpdateEvent.java:45)
	at org.hibernate.event.spi.SaveOrUpdateEvent.&lt;init&gt;(SaveOrUpdateEvent.java:28)
	at org.hibernate.internal.SessionImpl.save(SessionImpl.java:670)
	at org.hibernate.internal.SessionImpl.save(SessionImpl.java:665)
	at base.PersonDAL.addPerson(PersonDAL.java:24)
	at base.Person_Test.AddPerson(Person_Test.java:53)
	at sun.reflect.NativeMethodAccessorImpl.invoke0(Native Method)
	at sun.reflect.NativeMethodAccessorImpl.invoke(NativeMethodAccessorImpl.java:62)
	at sun.reflect.DelegatingMethodAccessorImpl.invoke(DelegatingMethodAccessorImpl.java:43)
	at java.lang.reflect.Method.invoke(Method.java:498)
	at org.junit.runners.model.FrameworkMethod$1.runReflectiveCall(FrameworkMethod.java:47)
	at org.junit.internal.runners.model.ReflectiveCallable.run(ReflectiveCallable.java:12)
	at org.junit.runners.model.FrameworkMethod.invokeExplosively(FrameworkMethod.java:44)
	at org.junit.internal.runners.statements.InvokeMethod.evaluate(InvokeMethod.java:17)
	at org.junit.internal.runners.statements.RunBefores.evaluate(RunBefores.java:26)
	at org.junit.internal.runners.statements.RunAfters.evaluate(RunAfters.java:27)
	at org.junit.runners.ParentRunner.runLeaf(ParentRunner.java:271)
	at org.junit.runners.BlockJUnit4ClassRunner.runChild(BlockJUnit4ClassRunner.java:70)
	at org.junit.runners.BlockJUnit4ClassRunner.runChild(BlockJUnit4ClassRunner.java:50)
	at org.junit.runners.ParentRunner$3.run(ParentRunner.java:238)
	at org.junit.runners.ParentRunner$1.schedule(ParentRunner.java:63)
	at org.junit.runners.ParentRunner.runChildren(ParentRunner.java:236)
	at org.junit.runners.ParentRunner.access$000(ParentRunner.java:53)
	at org.junit.runners.ParentRunner$2.evaluate(ParentRunner.java:229)
	at org.junit.internal.runners.statements.RunBefores.evaluate(RunBefores.java:26)
	at org.junit.internal.runners.statements.RunAfters.evaluate(RunAfters.java:27)
	at org.junit.runners.ParentRunner.run(ParentRunner.java:309)
	at org.apache.maven.surefire.junit4.JUnit4Provider.execute(JUnit4Provider.java:252)
	at org.apache.maven.surefire.junit4.JUnit4Provider.executeTestSet(JUnit4Provider.java:141)
	at org.apache.maven.surefire.junit4.JUnit4Provider.invoke(JUnit4Provider.java:112)
	at sun.reflect.NativeMethodAccessorImpl.invoke0(Native Method)
	at sun.reflect.NativeMethodAccessorImpl.invoke(NativeMethodAccessorImpl.java:62)
	at sun.reflect.DelegatingMethodAccessorImpl.invoke(DelegatingMethodAccessorImpl.java:43)
	at java.lang.reflect.Method.invoke(Method.java:498)
	at org.apache.maven.surefire.util.ReflectionUtils.invokeMethodWithArray(ReflectionUtils.java:189)
	at org.apache.maven.surefire.booter.ProviderFactory$ProviderProxy.invoke(ProviderFactory.java:165)
	at org.apache.maven.surefire.booter.ProviderFactory.invokeProvider(ProviderFactory.java:85)
	at org.apache.maven.surefire.booter.ForkedBooter.runSuitesInProcess(ForkedBooter.java:115)
	at org.apache.maven.surefire.booter.ForkedBooter.main(ForkedBooter.java:75)
</error>
    <system-out>15:27:45.455 [main] DEBUG o.h.e.t.internal.TransactionImpl - begin
</system-out>
  </testcase>
  <testcase classname="base.Person_Test" name="AddPerson" time="0.001">
    <error type="java.lang.NullPointerException">java.lang.NullPointerException
	at base.Person_Test.tearDown(Person_Test.java:46)
	at sun.reflect.NativeMethodAccessorImpl.invoke0(Native Method)
	at sun.reflect.NativeMethodAccessorImpl.invoke(NativeMethodAccessorImpl.java:62)
	at sun.reflect.DelegatingMethodAccessorImpl.invoke(DelegatingMethodAccessorImpl.java:43)
	at java.lang.reflect.Method.invoke(Method.java:498)
	at org.junit.runners.model.FrameworkMethod$1.runReflectiveCall(FrameworkMethod.java:47)
	at org.junit.internal.runners.model.ReflectiveCallable.run(ReflectiveCallable.java:12)
	at org.junit.runners.model.FrameworkMethod.invokeExplosively(FrameworkMethod.java:44)
	at org.junit.internal.runners.statements.RunAfters.evaluate(RunAfters.java:33)
	at org.junit.runners.ParentRunner.runLeaf(ParentRunner.java:271)
	at org.junit.runners.BlockJUnit4ClassRunner.runChild(BlockJUnit4ClassRunner.java:70)
	at org.junit.runners.BlockJUnit4ClassRunner.runChild(BlockJUnit4ClassRunner.java:50)
	at org.junit.runners.ParentRunner$3.run(ParentRunner.java:238)
	at org.junit.runners.ParentRunner$1.schedule(ParentRunner.java:63)
	at org.junit.runners.ParentRunner.runChildren(ParentRunner.java:236)
	at org.junit.runners.ParentRunner.access$000(ParentRunner.java:53)
	at org.junit.runners.ParentRunner$2.evaluate(ParentRunner.java:229)
	at org.junit.internal.runners.statements.RunBefores.evaluate(RunBefores.java:26)
	at org.junit.internal.runners.statements.RunAfters.evaluate(RunAfters.java:27)
	at org.junit.runners.ParentRunner.run(ParentRunner.java:309)
	at org.apache.maven.surefire.junit4.JUnit4Provider.execute(JUnit4Provider.java:252)
	at org.apache.maven.surefire.junit4.JUnit4Provider.executeTestSet(JUnit4Provider.java:141)
	at org.apache.maven.surefire.junit4.JUnit4Provider.invoke(JUnit4Provider.java:112)
	at sun.reflect.NativeMethodAccessorImpl.invoke0(Native Method)
	at sun.reflect.NativeMethodAccessorImpl.invoke(NativeMethodAccessorImpl.java:62)
	at sun.reflect.DelegatingMethodAccessorImpl.invoke(DelegatingMethodAccessorImpl.java:43)
	at java.lang.reflect.Method.invoke(Method.java:498)
	at org.apache.maven.surefire.util.ReflectionUtils.invokeMethodWithArray(ReflectionUtils.java:189)
	at org.apache.maven.surefire.booter.ProviderFactory$ProviderProxy.invoke(ProviderFactory.java:165)
	at org.apache.maven.surefire.booter.ProviderFactory.invokeProvider(ProviderFactory.java:85)
	at org.apache.maven.surefire.booter.ForkedBooter.runSuitesInProcess(ForkedBooter.java:115)
	at org.apache.maven.surefire.booter.ForkedBooter.main(ForkedBooter.java:75)
</error>
  </testcase>
</testsuite>